Using pre-set license
Built from '2022.1/staging' branch; Version is '2022.1.0b11 (9aaa156c3014) revision 10136085'; Using compiler version '192829333'; Build Type 'Release'
OS: 'Windows 11  (10.0.22000) 64bit Core' Language: 'de' Physical Memory: 16205 MB
BatchMode: 1, IsHumanControllingUs: 0, StartBugReporterOnCrash: 0, Is64bit: 1, IsPro: 1

COMMAND LINE ARGUMENTS:
C:\Program Files\Unity\Hub\Editor\2022.1.0b11\Editor\Unity.exe
-adb2
-batchMode
-noUpm
-name
AssetImportWorker2
-projectPath
C:/Unity_Git/MiMa_Project/MiMa_Project
-logFile
Logs/AssetImportWorker2.log
-srvPort
52188
Successfully changed project path to: C:/Unity_Git/MiMa_Project/MiMa_Project
C:/Unity_Git/MiMa_Project/MiMa_Project
[UnityMemory] Configuration Parameters - Can be set up in boot.config
    "memorysetup-bucket-allocator-granularity=16"
    "memorysetup-bucket-allocator-bucket-count=8"
    "memorysetup-bucket-allocator-block-size=33554432"
    "memorysetup-bucket-allocator-block-count=8"
    "memorysetup-main-allocator-block-size=16777216"
    "memorysetup-thread-allocator-block-size=16777216"
    "memorysetup-gfx-main-allocator-block-size=16777216"
    "memorysetup-gfx-thread-allocator-block-size=16777216"
    "memorysetup-cache-allocator-block-size=4194304"
    "memorysetup-typetree-allocator-block-size=2097152"
    "memorysetup-profiler-bucket-allocator-granularity=16"
    "memorysetup-profiler-bucket-allocator-bucket-count=8"
    "memorysetup-profiler-bucket-allocator-block-size=33554432"
    "memorysetup-profiler-bucket-allocator-block-count=8"
    "memorysetup-profiler-allocator-block-size=16777216"
    "memorysetup-profiler-editor-allocator-block-size=1048576"
    "memorysetup-temp-allocator-size-main=16777216"
    "memorysetup-job-temp-allocator-block-size=2097152"
    "memorysetup-job-temp-allocator-block-size-background=1048576"
    "memorysetup-job-temp-allocator-reduction-small-platforms=262144"
    "memorysetup-temp-allocator-size-background-worker=32768"
    "memorysetup-temp-allocator-size-job-worker=262144"
    "memorysetup-temp-allocator-size-preload-manager=33554432"
    "memorysetup-temp-allocator-size-nav-mesh-worker=65536"
    "memorysetup-temp-allocator-size-audio-worker=65536"
    "memorysetup-temp-allocator-size-cloud-worker=32768"
    "memorysetup-temp-allocator-size-gi-baking-worker=262144"
    "memorysetup-temp-allocator-size-gfx=262144"
Refreshing native plugins compatible for Editor in 91.23 ms, found 4 plugins.
Preloading 0 native plugins for Editor in 0.00 ms.
Initialize engine version: 2022.1.0b11 (9aaa156c3014)
[Subsystems] Discovering subsystems at path C:/Program Files/Unity/Hub/Editor/2022.1.0b11/Editor/Data/Resources/UnitySubsystems
[Subsystems] Discovering subsystems at path C:/Unity_Git/MiMa_Project/MiMa_Project/Assets
GfxDevice: creating device client; threaded=0; jobified=0
Direct3D:
    Version:  Direct3D 11.0 [level 11.1]
    Renderer: NVIDIA GeForce RTX 3060 Laptop GPU (ID=0x2520)
    Vendor:   NVIDIA
    VRAM:     6023 MB
    Driver:   30.0.15.1179
Initialize mono
Mono path[0] = 'C:/Program Files/Unity/Hub/Editor/2022.1.0b11/Editor/Data/Managed'
Mono path[1] = 'C:/Program Files/Unity/Hub/Editor/2022.1.0b11/Editor/Data/MonoBleedingEdge/lib/mono/unityjit-win32'
Mono config path = 'C:/Program Files/Unity/Hub/Editor/2022.1.0b11/Editor/Data/MonoBleedingEdge/etc'
Using monoOptions --debugger-agent=transport=dt_socket,embedding=1,server=y,suspend=n,address=127.0.0.1:56208
Begin MonoManager ReloadAssembly
Registering precompiled unity dll's ...
Register platform support module: C:/Program Files/Unity/Hub/Editor/2022.1.0b11/Editor/Data/PlaybackEngines/WindowsStandaloneSupport/UnityEditor.WindowsStandalone.Extensions.dll
Registered in 0.003291 seconds.
Native extension for WindowsStandalone target not found
Refreshing native plugins compatible for Editor in 83.00 ms, found 4 plugins.
Preloading 0 native plugins for Editor in 0.00 ms.
Mono: successfully reloaded assembly
- Completed reload, in  0.614 seconds
Domain Reload Profiling:
	ReloadAssembly (615ms)
		BeginReloadAssembly (61ms)
			ExecutionOrderSort (0ms)
			DisableScriptedObjects (0ms)
			BackupInstance (0ms)
			ReleaseScriptingObjects (0ms)
			CreateAndSetChildDomain (1ms)
		EndReloadAssembly (457ms)
			LoadAssemblies (60ms)
			RebuildTransferFunctionScriptingTraits (0ms)
			SetupTypeCache (104ms)
				TypeCache.Initialize (103ms)
					TypeCache.ScanAssembly (102ms)
				ResolveRequiredComponents (0ms)
			ReleaseScriptCaches (0ms)
			RebuildScriptCaches (27ms)
			SetupLoadedEditorAssemblies (278ms)
				LogAssemblyErrors (0ms)
				InitializePlatformSupportModulesInManaged (6ms)
				SetLoadedEditorAssemblies (6ms)
				RefreshPlugins (83ms)
				BeforeProcessingInitializeOnLoad (1ms)
				ProcessInitializeOnLoadAttributes (133ms)
				ProcessInitializeOnLoadMethodAttributes (48ms)
				AfterProcessingInitializeOnLoad (0ms)
				EditorAssembliesLoaded (0ms)
			ExecutionOrderSort2 (0ms)
			AwakeInstancesAfterBackupRestoration (0ms)
Platform modules already initialized, skipping
Registering precompiled user dll's ...
Registered in 0.004420 seconds.
Begin MonoManager ReloadAssembly
Symbol file LoadedFromMemory doesn't match image C:\Unity_Git\MiMa_Project\MiMa_Project\Library\PackageCache\com.unity.visualscripting@1.7.5\Editor\VisualScripting.Core\Dependencies\YamlDotNet\Unity.VisualScripting.YamlDotNet.dll
Symbol file LoadedFromMemory doesn't match image C:\Unity_Git\MiMa_Project\MiMa_Project\Library\PackageCache\com.unity.visualscripting@1.7.5\Editor\VisualScripting.Core\Dependencies\DotNetZip\Unity.VisualScripting.IonicZip.dll
Native extension for WindowsStandalone target not found
Refreshing native plugins compatible for Editor in 101.13 ms, found 4 plugins.
Preloading 0 native plugins for Editor in 0.00 ms.
Mono: successfully reloaded assembly
- Completed reload, in  1.746 seconds
Domain Reload Profiling:
	ReloadAssembly (1747ms)
		BeginReloadAssembly (109ms)
			ExecutionOrderSort (0ms)
			DisableScriptedObjects (6ms)
			BackupInstance (0ms)
			ReleaseScriptingObjects (0ms)
			CreateAndSetChildDomain (19ms)
		EndReloadAssembly (1524ms)
			LoadAssemblies (70ms)
			RebuildTransferFunctionScriptingTraits (0ms)
			SetupTypeCache (248ms)
				TypeCache.Initialize (244ms)
					TypeCache.ScanAssembly (240ms)
				ResolveRequiredComponents (5ms)
			ReleaseScriptCaches (1ms)
			RebuildScriptCaches (65ms)
			SetupLoadedEditorAssemblies (1065ms)
				LogAssemblyErrors (0ms)
				InitializePlatformSupportModulesInManaged (5ms)
				SetLoadedEditorAssemblies (6ms)
				RefreshPlugins (101ms)
				BeforeProcessingInitializeOnLoad (112ms)
				ProcessInitializeOnLoadAttributes (801ms)
				ProcessInitializeOnLoadMethodAttributes (34ms)
				AfterProcessingInitializeOnLoad (5ms)
				EditorAssembliesLoaded (0ms)
			ExecutionOrderSort2 (0ms)
			AwakeInstancesAfterBackupRestoration (6ms)
Platform modules already initialized, skipping
========================================================================
Worker process is ready to serve import requests
Failed to load shader (instanceID 402, GUID 7cbb3655339ec401ca75ba5fe26884f4)
Failed to load shader (instanceID 404, GUID bedd19944f451ba4d83e7ed69be98d5c)
Failed to load shader (instanceID 398, GUID 3230fdc399f8287488325e5941a00527)
Failed to load shader (instanceID 406, GUID 9c442dc870b456e48b615cd8add0e9ef)
Failed to load shader (instanceID 400, GUID 603d454d711fe784cba9ce08dd22b881)
Failed to load shader (instanceID 396, GUID 0a8f4dcd626bcd14bbbfa5a5e116b16e)
Launched and connected shader compiler UnityShaderCompiler.exe after 0.07 seconds
Refreshing native plugins compatible for Editor in 0.66 ms, found 4 plugins.
Preloading 0 native plugins for Editor in 0.00 ms.
Unloading 3925 Unused Serialized files (Serialized files now loaded: 0)
Unloading 35 unused Assets / (57.8 KB). Loaded Objects now: 4387.
Memory consumption went from 0.60 GB to 0.60 GB.
Total: 4.130200 ms (FindLiveObjects: 0.336600 ms CreateObjectMapping: 0.289100 ms MarkObjects: 3.434600 ms  DeleteObjects: 0.068900 ms)

AssetImportParameters requested are different than current active one (requested -> active):
  custom:video-decoder-ogg-theora: a1e56fd34408186e4bbccfd4996cb3dc -> 
  custom:container-muxer-webm: aa71ff27fc2769a1b78a27578f13a17b -> 
  custom:container-demuxer-webm: 4f35f7cbe854078d1ac9338744f61a02 -> 
  custom:video-encoder-webm-vp8: eb34c28f22e8b96e1ab97ce403110664 -> 
  custom:audio-encoder-webm-vorbis: bf7c407c2cedff20999df2af8eb42d56 -> 
  custom:framework-win-MediaFoundation: 216162199b28c13a410421893ffa2e32 -> 
  custom:container-demuxer-ogg: 62fdf1f143b41e24485cea50d1cbac27 -> 
  custom:video-decoder-webm-vp8: 9c59270c3fd7afecdb556c50c9e8de78 -> 
  custom:audio-decoder-ogg-vorbis: bf7c407c2cedff20999df2af8eb42d56 -> 
========================================================================
Received Import Request.
  Time since last request: 287159.625541 seconds.
  path: Assets/Tileset_test/Cliff_tileset.png
  artifactKey: Guid(c332ae950c6f11941883d774ea5eb036) Importer(815301076,1909f56bfc062723c751e8b465ee728b)
Start importing Assets/Tileset_test/Cliff_tileset.png using Guid(c332ae950c6f11941883d774ea5eb036) Importer(815301076,1909f56bfc062723c751e8b465ee728b)  -> (artifact id: '8dae1d69efa2be5e97adb8088d6537eb') in 0.083186 seconds 
========================================================================
Received Import Request.
  Time since last request: 58.942502 seconds.
  path: Assets/Tileset_test/Cliff_tileset.png
  artifactKey: Guid(c332ae950c6f11941883d774ea5eb036) Importer(815301076,1909f56bfc062723c751e8b465ee728b)
Start importing Assets/Tileset_test/Cliff_tileset.png using Guid(c332ae950c6f11941883d774ea5eb036) Importer(815301076,1909f56bfc062723c751e8b465ee728b)  -> (artifact id: '4275e35bd52f90372efff2543d8b3162') in 0.511488 seconds 
========================================================================
Received Import Request.
  Time since last request: 181.154669 seconds.
  path: Assets/Tileset_test/Ground Tiles.prefab
  artifactKey: Guid(e25103f6a01e73f40bab3b068f49270f) Importer(815301076,1909f56bfc062723c751e8b465ee728b)
Start importing Assets/Tileset_test/Ground Tiles.prefab using Guid(e25103f6a01e73f40bab3b068f49270f) Importer(815301076,1909f56bfc062723c751e8b465ee728b)  -> (artifact id: '8cd59957fffc398814360349eb4f0ac3') in 0.040577 seconds 
========================================================================
Received Import Request.
  Time since last request: 122.537119 seconds.
  path: Assets/Tileset_test/Ground Tiles.prefab
  artifactKey: Guid(e25103f6a01e73f40bab3b068f49270f) Importer(815301076,1909f56bfc062723c751e8b465ee728b)
Start importing Assets/Tileset_test/Ground Tiles.prefab using Guid(e25103f6a01e73f40bab3b068f49270f) Importer(815301076,1909f56bfc062723c751e8b465ee728b)  -> (artifact id: '0a56cdfe3780c463c4c7ec683d35eb7d') in 0.068711 seconds 
========================================================================
Received Import Request.
  Time since last request: 95.569248 seconds.
  path: Assets/Tileset_test/Tiles/Cliff_tileset_0.asset
  artifactKey: Guid(d1e03e5812eda48409e6e182a851382b) Importer(815301076,1909f56bfc062723c751e8b465ee728b)
Start importing Assets/Tileset_test/Tiles/Cliff_tileset_0.asset using Guid(d1e03e5812eda48409e6e182a851382b) Importer(815301076,1909f56bfc062723c751e8b465ee728b)  -> (artifact id: 'ee396fba40067f49023246e9884c1cd6') in 0.025704 seconds 
========================================================================
Received Import Request.
  Time since last request: 0.000023 seconds.
  path: Assets/Tileset_test/Tiles/Cliff_tileset_26.asset
  artifactKey: Guid(f7caf655e2abffc4a8c630fd4d2e8186) Importer(815301076,1909f56bfc062723c751e8b465ee728b)
Start importing Assets/Tileset_test/Tiles/Cliff_tileset_26.asset using Guid(f7caf655e2abffc4a8c630fd4d2e8186) Importer(815301076,1909f56bfc062723c751e8b465ee728b)  -> (artifact id: 'c181df99b00e63b32044fc6764847a26') in 0.015758 seconds 
========================================================================
Received Import Request.
  Time since last request: 0.000021 seconds.
  path: Assets/Tileset_test/Tiles/Cliff_tileset_38.asset
  artifactKey: Guid(38510b6835cbb9f4b82839dddcdec1c3) Importer(815301076,1909f56bfc062723c751e8b465ee728b)
Start importing Assets/Tileset_test/Tiles/Cliff_tileset_38.asset using Guid(38510b6835cbb9f4b82839dddcdec1c3) Importer(815301076,1909f56bfc062723c751e8b465ee728b)  -> (artifact id: '0f3d6700519948509f99463130654856') in 0.021445 seconds 
========================================================================
Received Import Request.
  Time since last request: 0.000037 seconds.
  path: Assets/Tileset_test/Tiles/Cliff_tileset_4.asset
  artifactKey: Guid(661dd6f753ebd32479726d0f28b2b182) Importer(815301076,1909f56bfc062723c751e8b465ee728b)
Start importing Assets/Tileset_test/Tiles/Cliff_tileset_4.asset using Guid(661dd6f753ebd32479726d0f28b2b182) Importer(815301076,1909f56bfc062723c751e8b465ee728b)  -> (artifact id: 'b045806c21a7caec4fd60309dce56941') in 0.020611 seconds 
========================================================================
Received Import Request.
  Time since last request: 0.000034 seconds.
  path: Assets/Tileset_test/Tiles/Cliff_tileset_9.asset
  artifactKey: Guid(c4585872675a6b448ba53f627fef6190) Importer(815301076,1909f56bfc062723c751e8b465ee728b)
Start importing Assets/Tileset_test/Tiles/Cliff_tileset_9.asset using Guid(c4585872675a6b448ba53f627fef6190) Importer(815301076,1909f56bfc062723c751e8b465ee728b)  -> (artifact id: '766da421bfd8aecee914a192beaacebe') in 0.018035 seconds 
========================================================================
Received Import Request.
  Time since last request: 0.000018 seconds.
  path: Assets/Tileset_test/Tiles/Cliff_tileset_34.asset
  artifactKey: Guid(2aca50daef6207f44a4f01bfd4980f9b) Importer(815301076,1909f56bfc062723c751e8b465ee728b)
Start importing Assets/Tileset_test/Tiles/Cliff_tileset_34.asset using Guid(2aca50daef6207f44a4f01bfd4980f9b) Importer(815301076,1909f56bfc062723c751e8b465ee728b)  -> (artifact id: 'cf52b098c715356cc9d6871abca7cb81') in 0.016173 seconds 
========================================================================
Received Import Request.
  Time since last request: 0.000025 seconds.
  path: Assets/Tileset_test/Tiles/Cliff_tileset_12.asset
  artifactKey: Guid(46f6739418e2a3f40ad3ad77e78dbaf1) Importer(815301076,1909f56bfc062723c751e8b465ee728b)
Start importing Assets/Tileset_test/Tiles/Cliff_tileset_12.asset using Guid(46f6739418e2a3f40ad3ad77e78dbaf1) Importer(815301076,1909f56bfc062723c751e8b465ee728b)  -> (artifact id: '7f1959e970d5ebf10a74939d79af124b') in 0.017714 seconds 
========================================================================
Received Import Request.
  Time since last request: 0.000019 seconds.
  path: Assets/Tileset_test/Tiles/Cliff_tileset_16.asset
  artifactKey: Guid(4c9a77480aede10438a3cb99656e7f51) Importer(815301076,1909f56bfc062723c751e8b465ee728b)
Start importing Assets/Tileset_test/Tiles/Cliff_tileset_16.asset using Guid(4c9a77480aede10438a3cb99656e7f51) Importer(815301076,1909f56bfc062723c751e8b465ee728b)  -> (artifact id: 'dd32cb8a0818b6228ea3ba80ae1c2282') in 0.014324 seconds 
========================================================================
Received Import Request.
  Time since last request: 0.000017 seconds.
  path: Assets/Tileset_test/Tiles/Cliff_tileset_48.asset
  artifactKey: Guid(e6c0beb3fba8d414db01ee156db2ebc3) Importer(815301076,1909f56bfc062723c751e8b465ee728b)
Start importing Assets/Tileset_test/Tiles/Cliff_tileset_48.asset using Guid(e6c0beb3fba8d414db01ee156db2ebc3) Importer(815301076,1909f56bfc062723c751e8b465ee728b)  -> (artifact id: 'b3f36ec935fe8585a0a299ed95dd6ee1') in 0.015225 seconds 
========================================================================
Received Import Request.
  Time since last request: 0.000048 seconds.
  path: Assets/Tileset_test/Tiles/Cliff_tileset_20.asset
  artifactKey: Guid(0607a714114bc38449eb561212e188c4) Importer(815301076,1909f56bfc062723c751e8b465ee728b)
Start importing Assets/Tileset_test/Tiles/Cliff_tileset_20.asset using Guid(0607a714114bc38449eb561212e188c4) Importer(815301076,1909f56bfc062723c751e8b465ee728b)  -> (artifact id: 'b93541e0ff38832633746603b40c6fcc') in 0.014648 seconds 
========================================================================
Received Import Request.
  Time since last request: 0.000023 seconds.
  path: Assets/Tileset_test/Tiles/Cliff_tileset_10.asset
  artifactKey: Guid(e5b9eb6dd9c0511438dc9250cccea12a) Importer(815301076,1909f56bfc062723c751e8b465ee728b)
Start importing Assets/Tileset_test/Tiles/Cliff_tileset_10.asset using Guid(e5b9eb6dd9c0511438dc9250cccea12a) Importer(815301076,1909f56bfc062723c751e8b465ee728b)  -> (artifact id: 'd5551617c52af54344cee43831ed5b06') in 0.014904 seconds 
========================================================================
Received Import Request.
  Time since last request: 0.000039 seconds.
  path: Assets/Tileset_test/Tiles/Cliff_tileset_35.asset
  artifactKey: Guid(a8427729e20a4794a90a46e9d7b71751) Importer(815301076,1909f56bfc062723c751e8b465ee728b)
Start importing Assets/Tileset_test/Tiles/Cliff_tileset_35.asset using Guid(a8427729e20a4794a90a46e9d7b71751) Importer(815301076,1909f56bfc062723c751e8b465ee728b)  -> (artifact id: '50874a4ccd12b5196fc59ec8e598e166') in 0.013965 seconds 
========================================================================
Received Import Request.
  Time since last request: 0.000019 seconds.
  path: Assets/Tileset_test/Tiles/Cliff_tileset_41.asset
  artifactKey: Guid(d153e1ef7dd47e54c99f4d91f37c1a2e) Importer(815301076,1909f56bfc062723c751e8b465ee728b)
Start importing Assets/Tileset_test/Tiles/Cliff_tileset_41.asset using Guid(d153e1ef7dd47e54c99f4d91f37c1a2e) Importer(815301076,1909f56bfc062723c751e8b465ee728b)  -> (artifact id: '835947c99eba81bd4310d9073411cd2e') in 0.014379 seconds 
========================================================================
Received Import Request.
  Time since last request: 0.000016 seconds.
  path: Assets/Tileset_test/Tiles/Cliff_tileset_47.asset
  artifactKey: Guid(7c9e8f49bb79bb447ab651e7e69323e0) Importer(815301076,1909f56bfc062723c751e8b465ee728b)
Start importing Assets/Tileset_test/Tiles/Cliff_tileset_47.asset using Guid(7c9e8f49bb79bb447ab651e7e69323e0) Importer(815301076,1909f56bfc062723c751e8b465ee728b)  -> (artifact id: '46b05363b9b803c02c6075cda7750938') in 0.014843 seconds 
========================================================================
Received Import Request.
  Time since last request: 0.000021 seconds.
  path: Assets/Tileset_test/Tiles/Cliff_tileset_7.asset
  artifactKey: Guid(efe2bcb30cbf23e42920fb8dd7be1953) Importer(815301076,1909f56bfc062723c751e8b465ee728b)
Start importing Assets/Tileset_test/Tiles/Cliff_tileset_7.asset using Guid(efe2bcb30cbf23e42920fb8dd7be1953) Importer(815301076,1909f56bfc062723c751e8b465ee728b)  -> (artifact id: 'd7732c409020e4678dd19248eec553ae') in 0.015908 seconds 
========================================================================
Received Import Request.
  Time since last request: 0.000065 seconds.
  path: Assets/Tileset_test/Tiles/Cliff_tileset_45.asset
  artifactKey: Guid(db71081452ee4724ab49f3acc256b656) Importer(815301076,1909f56bfc062723c751e8b465ee728b)
Start importing Assets/Tileset_test/Tiles/Cliff_tileset_45.asset using Guid(db71081452ee4724ab49f3acc256b656) Importer(815301076,1909f56bfc062723c751e8b465ee728b)  -> (artifact id: '43e73dab5062def8f5c84e239d7c2382') in 0.015546 seconds 
========================================================================
Received Import Request.
  Time since last request: 0.000022 seconds.
  path: Assets/Tileset_test/Tiles/Cliff_tileset_21.asset
  artifactKey: Guid(1405c5eb878abec4f91bd14b8a24517c) Importer(815301076,1909f56bfc062723c751e8b465ee728b)
Start importing Assets/Tileset_test/Tiles/Cliff_tileset_21.asset using Guid(1405c5eb878abec4f91bd14b8a24517c) Importer(815301076,1909f56bfc062723c751e8b465ee728b)  -> (artifact id: 'c18153a040aefdda29416ae751a51b6d') in 0.014800 seconds 
========================================================================
Received Import Request.
  Time since last request: 0.000021 seconds.
  path: Assets/Tileset_test/Tiles/Cliff_tileset_25.asset
  artifactKey: Guid(0b006fd4308117040a30e4b7064f6fb1) Importer(815301076,1909f56bfc062723c751e8b465ee728b)
Start importing Assets/Tileset_test/Tiles/Cliff_tileset_25.asset using Guid(0b006fd4308117040a30e4b7064f6fb1) Importer(815301076,1909f56bfc062723c751e8b465ee728b)  -> (artifact id: 'f8924c1cfcc052840e2167dbecaff878') in 0.015095 seconds 
========================================================================
Received Import Request.
  Time since last request: 0.000018 seconds.
  path: Assets/Tileset_test/Tiles/Cliff_tileset_17.asset
  artifactKey: Guid(acea09d69000b21488a981d3b21875e5) Importer(815301076,1909f56bfc062723c751e8b465ee728b)
Start importing Assets/Tileset_test/Tiles/Cliff_tileset_17.asset using Guid(acea09d69000b21488a981d3b21875e5) Importer(815301076,1909f56bfc062723c751e8b465ee728b)  -> (artifact id: 'f8507834f07e3d7635e7e687f14aefd7') in 0.015230 seconds 
========================================================================
Received Import Request.
  Time since last request: 0.000025 seconds.
  path: Assets/Tileset_test/Tiles/Cliff_tileset_6.asset
  artifactKey: Guid(0980cced1ad956a40987d3dd5d16bd89) Importer(815301076,1909f56bfc062723c751e8b465ee728b)
Start importing Assets/Tileset_test/Tiles/Cliff_tileset_6.asset using Guid(0980cced1ad956a40987d3dd5d16bd89) Importer(815301076,1909f56bfc062723c751e8b465ee728b)  -> (artifact id: '9533d9396b841808246b1e05d254e305') in 0.015471 seconds 
========================================================================
Received Import Request.
  Time since last request: 0.000029 seconds.
  path: Assets/Tileset_test/Tiles/Cliff_tileset_30.asset
  artifactKey: Guid(6dcffc6952943b548975fceab1812421) Importer(815301076,1909f56bfc062723c751e8b465ee728b)
Start importing Assets/Tileset_test/Tiles/Cliff_tileset_30.asset using Guid(6dcffc6952943b548975fceab1812421) Importer(815301076,1909f56bfc062723c751e8b465ee728b)  -> (artifact id: '7e0a7b732ee1e9ec40495b9fd5e72700') in 0.017201 seconds 
========================================================================
Received Import Request.
  Time since last request: 0.000035 seconds.
  path: Assets/Tileset_test/Tiles/Cliff_tileset_15.asset
  artifactKey: Guid(d6943e2416eb3944f96aeefdee789f8d) Importer(815301076,1909f56bfc062723c751e8b465ee728b)
Start importing Assets/Tileset_test/Tiles/Cliff_tileset_15.asset using Guid(d6943e2416eb3944f96aeefdee789f8d) Importer(815301076,1909f56bfc062723c751e8b465ee728b)  -> (artifact id: '366fba7d30e08a51d0ac5662d2637944') in 0.016478 seconds 
========================================================================
Received Import Request.
  Time since last request: 0.000018 seconds.
  path: Assets/Tileset_test/Tiles/Cliff_tileset_27.asset
  artifactKey: Guid(8375a347a4af9d040adcc83dbee7a7fb) Importer(815301076,1909f56bfc062723c751e8b465ee728b)
Start importing Assets/Tileset_test/Tiles/Cliff_tileset_27.asset using Guid(8375a347a4af9d040adcc83dbee7a7fb) Importer(815301076,1909f56bfc062723c751e8b465ee728b)  -> (artifact id: 'cf2a741a6c38273e6f6fa12018ac9b5f') in 0.016622 seconds 
========================================================================
Received Import Request.
  Time since last request: 0.000022 seconds.
  path: Assets/Tileset_test/Tiles/Cliff_tileset_23.asset
  artifactKey: Guid(2ac5b24feca593442b3b6903bcf8a90c) Importer(815301076,1909f56bfc062723c751e8b465ee728b)
Start importing Assets/Tileset_test/Tiles/Cliff_tileset_23.asset using Guid(2ac5b24feca593442b3b6903bcf8a90c) Importer(815301076,1909f56bfc062723c751e8b465ee728b)  -> (artifact id: 'd242005e7dcf2c847d264378c29e4889') in 0.015336 seconds 
========================================================================
Received Import Request.
  Time since last request: 0.000020 seconds.
  path: Assets/Tileset_test/Tiles/Cliff_tileset_8.asset
  artifactKey: Guid(88c11712e5be7d14bbd7a075d918db13) Importer(815301076,1909f56bfc062723c751e8b465ee728b)
Start importing Assets/Tileset_test/Tiles/Cliff_tileset_8.asset using Guid(88c11712e5be7d14bbd7a075d918db13) Importer(815301076,1909f56bfc062723c751e8b465ee728b)  -> (artifact id: '57a1f562238f71770edf6b4d1ae9df93') in 0.015422 seconds 
========================================================================
Received Import Request.
  Time since last request: 0.943241 seconds.
  path: Assets/Tileset_test/Tiles/Cliff_tileset_49.asset
  artifactKey: Guid(e112a2c53bc99814ea2aedd8d60a05da) Importer(815301076,1909f56bfc062723c751e8b465ee728b)
Start importing Assets/Tileset_test/Tiles/Cliff_tileset_49.asset using Guid(e112a2c53bc99814ea2aedd8d60a05da) Importer(815301076,1909f56bfc062723c751e8b465ee728b)  -> (artifact id: 'e3619f3aa82eabaf0aa71d8836938661') in 0.016118 seconds 
========================================================================
Received Import Request.
  Time since last request: 0.000017 seconds.
  path: Assets/Tileset_test/Tiles/Cliff_tileset_83.asset
  artifactKey: Guid(aeb83a85eb1dda24596258b220a6c768) Importer(815301076,1909f56bfc062723c751e8b465ee728b)
Start importing Assets/Tileset_test/Tiles/Cliff_tileset_83.asset using Guid(aeb83a85eb1dda24596258b220a6c768) Importer(815301076,1909f56bfc062723c751e8b465ee728b)  -> (artifact id: '83383f769f227232917fcafa3d89babd') in 0.013825 seconds 
========================================================================
Received Import Request.
  Time since last request: 0.000030 seconds.
  path: Assets/Tileset_test/Tiles/Cliff_tileset_66.asset
  artifactKey: Guid(0b49c7126bbaee44ab3e30d638dda2ac) Importer(815301076,1909f56bfc062723c751e8b465ee728b)
Start importing Assets/Tileset_test/Tiles/Cliff_tileset_66.asset using Guid(0b49c7126bbaee44ab3e30d638dda2ac) Importer(815301076,1909f56bfc062723c751e8b465ee728b)  -> (artifact id: '330e45d66f28fa7841b42b4fe9bdccdc') in 0.015809 seconds 
========================================================================
Received Import Request.
  Time since last request: 0.000022 seconds.
  path: Assets/Tileset_test/Tiles/Cliff_tileset_79.asset
  artifactKey: Guid(63d0fbba2814e6949a14e7712d83e848) Importer(815301076,1909f56bfc062723c751e8b465ee728b)
Start importing Assets/Tileset_test/Tiles/Cliff_tileset_79.asset using Guid(63d0fbba2814e6949a14e7712d83e848) Importer(815301076,1909f56bfc062723c751e8b465ee728b)  -> (artifact id: '1559816346447c2e95314a7d3e6236c4') in 0.013532 seconds 
========================================================================
Received Import Request.
  Time since last request: 0.000022 seconds.
  path: Assets/Tileset_test/Tiles/Cliff_tileset_71.asset
  artifactKey: Guid(f0a7a448152ef874d82dbac2a0122629) Importer(815301076,1909f56bfc062723c751e8b465ee728b)
Start importing Assets/Tileset_test/Tiles/Cliff_tileset_71.asset using Guid(f0a7a448152ef874d82dbac2a0122629) Importer(815301076,1909f56bfc062723c751e8b465ee728b)  -> (artifact id: '43c498ec80ec488ef84c4dc57a5320d1') in 0.013218 seconds 
========================================================================
Received Import Request.
  Time since last request: 0.000026 seconds.
  path: Assets/Tileset_test/Tiles/Cliff_tileset_58.asset
  artifactKey: Guid(6030102524601c04580a6ca5fb21eb1b) Importer(815301076,1909f56bfc062723c751e8b465ee728b)
Start importing Assets/Tileset_test/Tiles/Cliff_tileset_58.asset using Guid(6030102524601c04580a6ca5fb21eb1b) Importer(815301076,1909f56bfc062723c751e8b465ee728b)  -> (artifact id: 'b6f3ef58b3b9c1cf7bec99bc823caabb') in 0.013183 seconds 
========================================================================
Received Import Request.
  Time since last request: 0.000019 seconds.
  path: Assets/Tileset_test/Tiles/Cliff_tileset_57.asset
  artifactKey: Guid(89f26612edc250c49b9e548c418a21a2) Importer(815301076,1909f56bfc062723c751e8b465ee728b)
Start importing Assets/Tileset_test/Tiles/Cliff_tileset_57.asset using Guid(89f26612edc250c49b9e548c418a21a2) Importer(815301076,1909f56bfc062723c751e8b465ee728b)  -> (artifact id: '476b22ca68296b968301420aaf73a2f2') in 0.014821 seconds 
========================================================================
Received Import Request.
  Time since last request: 0.000023 seconds.
  path: Assets/Tileset_test/Tiles/Cliff_tileset_56.asset
  artifactKey: Guid(b01875fed8ac5f843b7d649519799008) Importer(815301076,1909f56bfc062723c751e8b465ee728b)
Start importing Assets/Tileset_test/Tiles/Cliff_tileset_56.asset using Guid(b01875fed8ac5f843b7d649519799008) Importer(815301076,1909f56bfc062723c751e8b465ee728b)  -> (artifact id: '8a8613506d4801df2e3f1389a424327d') in 0.014296 seconds 
========================================================================
Received Import Request.
  Time since last request: 0.000018 seconds.
  path: Assets/Tileset_test/Tiles/Cliff_tileset_82.asset
  artifactKey: Guid(42c0c88ae3f162e4c9edea882ee71c8f) Importer(815301076,1909f56bfc062723c751e8b465ee728b)
Start importing Assets/Tileset_test/Tiles/Cliff_tileset_82.asset using Guid(42c0c88ae3f162e4c9edea882ee71c8f) Importer(815301076,1909f56bfc062723c751e8b465ee728b)  -> (artifact id: 'd3ed4869acf3eea4a44fbf0e8e5a56a5') in 0.015533 seconds 
========================================================================
Received Import Request.
  Time since last request: 0.000020 seconds.
  path: Assets/Tileset_test/Tiles/Cliff_tileset_60.asset
  artifactKey: Guid(615da0303fe4f0e44b8b6ceb0128df07) Importer(815301076,1909f56bfc062723c751e8b465ee728b)
Start importing Assets/Tileset_test/Tiles/Cliff_tileset_60.asset using Guid(615da0303fe4f0e44b8b6ceb0128df07) Importer(815301076,1909f56bfc062723c751e8b465ee728b)  -> (artifact id: '110809dc5b41d36a1a4936c7e21ca73e') in 0.013230 seconds 
========================================================================
Received Import Request.
  Time since last request: 0.000024 seconds.
  path: Assets/Tileset_test/Tiles/Cliff_tileset_64.asset
  artifactKey: Guid(a9efa3f511fb2d44ebd08cff4cd5a7f5) Importer(815301076,1909f56bfc062723c751e8b465ee728b)
Start importing Assets/Tileset_test/Tiles/Cliff_tileset_64.asset using Guid(a9efa3f511fb2d44ebd08cff4cd5a7f5) Importer(815301076,1909f56bfc062723c751e8b465ee728b)  -> (artifact id: 'ec088f5f32406126115b0bde11ad3ee3') in 0.015675 seconds 
========================================================================
Received Import Request.
  Time since last request: 0.000020 seconds.
  path: Assets/Tileset_test/Tiles/Cliff_tileset_75.asset
  artifactKey: Guid(d14b2bb75c962854d8c5bc9ad855c3fa) Importer(815301076,1909f56bfc062723c751e8b465ee728b)
Start importing Assets/Tileset_test/Tiles/Cliff_tileset_75.asset using Guid(d14b2bb75c962854d8c5bc9ad855c3fa) Importer(815301076,1909f56bfc062723c751e8b465ee728b)  -> (artifact id: '39a1309350b9021f029fba8c4cc228a9') in 0.013827 seconds 
========================================================================
Received Import Request.
  Time since last request: 0.000025 seconds.
  path: Assets/Tileset_test/Tiles/Cliff_tileset_59.asset
  artifactKey: Guid(ac1025b8623491a4f8be274bca24bdbd) Importer(815301076,1909f56bfc062723c751e8b465ee728b)
Start importing Assets/Tileset_test/Tiles/Cliff_tileset_59.asset using Guid(ac1025b8623491a4f8be274bca24bdbd) Importer(815301076,1909f56bfc062723c751e8b465ee728b)  -> (artifact id: '7a61ee55c1cba30071453be4472a6812') in 0.014469 seconds 
========================================================================
Received Import Request.
  Time since last request: 0.000019 seconds.
  path: Assets/Tileset_test/Tiles/Cliff_tileset_99.asset
  artifactKey: Guid(02f4b6de04d958a4cb85a6b8972b83d3) Importer(815301076,1909f56bfc062723c751e8b465ee728b)
Start importing Assets/Tileset_test/Tiles/Cliff_tileset_99.asset using Guid(02f4b6de04d958a4cb85a6b8972b83d3) Importer(815301076,1909f56bfc062723c751e8b465ee728b)  -> (artifact id: '422a562bc384c8cfa47c63f1c1b9708f') in 0.014317 seconds 
========================================================================
Received Import Request.
  Time since last request: 0.000022 seconds.
  path: Assets/Tileset_test/Tiles/Cliff_tileset_103.asset
  artifactKey: Guid(b04bca0d4a4004e4f90437e42823ff36) Importer(815301076,1909f56bfc062723c751e8b465ee728b)
Start importing Assets/Tileset_test/Tiles/Cliff_tileset_103.asset using Guid(b04bca0d4a4004e4f90437e42823ff36) Importer(815301076,1909f56bfc062723c751e8b465ee728b)  -> (artifact id: '4697c23415f4a7d74b2621282486637e') in 0.013082 seconds 
========================================================================
Received Import Request.
  Time since last request: 0.000021 seconds.
  path: Assets/Tileset_test/Tiles/Cliff_tileset_89.asset
  artifactKey: Guid(69494cdd618ee344fa53f9f58f2efe32) Importer(815301076,1909f56bfc062723c751e8b465ee728b)
Start importing Assets/Tileset_test/Tiles/Cliff_tileset_89.asset using Guid(69494cdd618ee344fa53f9f58f2efe32) Importer(815301076,1909f56bfc062723c751e8b465ee728b)  -> (artifact id: 'de040219e5599244337ba6aa56a1090b') in 0.013507 seconds 
========================================================================
Received Import Request.
  Time since last request: 0.000026 seconds.
  path: Assets/Tileset_test/Tiles/Cliff_tileset_105.asset
  artifactKey: Guid(3b47cb509cd74104a96f6849f313c0d4) Importer(815301076,1909f56bfc062723c751e8b465ee728b)
Start importing Assets/Tileset_test/Tiles/Cliff_tileset_105.asset using Guid(3b47cb509cd74104a96f6849f313c0d4) Importer(815301076,1909f56bfc062723c751e8b465ee728b)  -> (artifact id: 'd835275b206ae932e1c60a0ff600dc4d') in 0.014046 seconds 
========================================================================
Received Import Request.
  Time since last request: 0.000018 seconds.
  path: Assets/Tileset_test/Tiles/Cliff_tileset_91.asset
  artifactKey: Guid(c32695442186d0441ae88b6b3f67e550) Importer(815301076,1909f56bfc062723c751e8b465ee728b)
Start importing Assets/Tileset_test/Tiles/Cliff_tileset_91.asset using Guid(c32695442186d0441ae88b6b3f67e550) Importer(815301076,1909f56bfc062723c751e8b465ee728b)  -> (artifact id: '923a30dffdfaa54385a66874e76f7b33') in 0.016141 seconds 
========================================================================
Received Import Request.
  Time since last request: 0.000025 seconds.
  path: Assets/Tileset_test/Tiles/Cliff_tileset_119.asset
  artifactKey: Guid(798998940a66bd540a14f6ab0599d845) Importer(815301076,1909f56bfc062723c751e8b465ee728b)
Start importing Assets/Tileset_test/Tiles/Cliff_tileset_119.asset using Guid(798998940a66bd540a14f6ab0599d845) Importer(815301076,1909f56bfc062723c751e8b465ee728b)  -> (artifact id: '6bfbef88c05bc164d0238146cf2bf756') in 0.014951 seconds 
========================================================================
Received Import Request.
  Time since last request: 0.000017 seconds.
  path: Assets/Tileset_test/Tiles/Cliff_tileset_123.asset
  artifactKey: Guid(0be85899420995e4fb7ea6f85481990c) Importer(815301076,1909f56bfc062723c751e8b465ee728b)
Start importing Assets/Tileset_test/Tiles/Cliff_tileset_123.asset using Guid(0be85899420995e4fb7ea6f85481990c) Importer(815301076,1909f56bfc062723c751e8b465ee728b)  -> (artifact id: 'a48ec7946b44c60332e679e4f41a66d7') in 0.015319 seconds 
========================================================================
Received Import Request.
  Time since last request: 0.000018 seconds.
  path: Assets/Tileset_test/Tiles/Cliff_tileset_124.asset
  artifactKey: Guid(b6aca39333cffff418516b76df5f9aa2) Importer(815301076,1909f56bfc062723c751e8b465ee728b)
Start importing Assets/Tileset_test/Tiles/Cliff_tileset_124.asset using Guid(b6aca39333cffff418516b76df5f9aa2) Importer(815301076,1909f56bfc062723c751e8b465ee728b)  -> (artifact id: '187af989a8e7e85dbdbeea1c43b71b43') in 0.014314 seconds 
========================================================================
Received Import Request.
  Time since last request: 0.000015 seconds.
  path: Assets/Tileset_test/Tiles/Cliff_tileset_116.asset
  artifactKey: Guid(82fe75b5388ed6d4f8229bd3a2df04ca) Importer(815301076,1909f56bfc062723c751e8b465ee728b)
Start importing Assets/Tileset_test/Tiles/Cliff_tileset_116.asset using Guid(82fe75b5388ed6d4f8229bd3a2df04ca) Importer(815301076,1909f56bfc062723c751e8b465ee728b)  -> (artifact id: '0e6454f822635c7d8a0712f6ef83ac29') in 0.013120 seconds 
========================================================================
Received Import Request.
  Time since last request: 0.000018 seconds.
  path: Assets/Tileset_test/Tiles/Cliff_tileset_117.asset
  artifactKey: Guid(2b2592aa2868abc46853c8e3b68253c7) Importer(815301076,1909f56bfc062723c751e8b465ee728b)
Start importing Assets/Tileset_test/Tiles/Cliff_tileset_117.asset using Guid(2b2592aa2868abc46853c8e3b68253c7) Importer(815301076,1909f56bfc062723c751e8b465ee728b)  -> (artifact id: '4dda39d8ee67ab154f19e2055e20b7e7') in 0.013421 seconds 
========================================================================
Received Import Request.
  Time since last request: 0.000019 seconds.
  path: Assets/Tileset_test/Tiles/Cliff_tileset_96.asset
  artifactKey: Guid(dff21d9f42230fe45ada28b5f9921e87) Importer(815301076,1909f56bfc062723c751e8b465ee728b)
Start importing Assets/Tileset_test/Tiles/Cliff_tileset_96.asset using Guid(dff21d9f42230fe45ada28b5f9921e87) Importer(815301076,1909f56bfc062723c751e8b465ee728b)  -> (artifact id: 'fe43265e70bad4ffd2604caf8ef15565') in 0.017262 seconds 
========================================================================
Received Import Request.
  Time since last request: 0.000024 seconds.
  path: Assets/Tileset_test/Tiles/Cliff_tileset_93.asset
  artifactKey: Guid(4087fd74aa8c6de43aaf0c2228646639) Importer(815301076,1909f56bfc062723c751e8b465ee728b)
Start importing Assets/Tileset_test/Tiles/Cliff_tileset_93.asset using Guid(4087fd74aa8c6de43aaf0c2228646639) Importer(815301076,1909f56bfc062723c751e8b465ee728b)  -> (artifact id: 'a100bd8bebeafc771fcbc7d14fbd46df') in 0.014782 seconds 
========================================================================
Received Import Request.
  Time since last request: 0.000020 seconds.
  path: Assets/Tileset_test/Tiles/Cliff_tileset_86.asset
  artifactKey: Guid(4d5a848b308e00d48a7f647300fad0cf) Importer(815301076,1909f56bfc062723c751e8b465ee728b)
Start importing Assets/Tileset_test/Tiles/Cliff_tileset_86.asset using Guid(4d5a848b308e00d48a7f647300fad0cf) Importer(815301076,1909f56bfc062723c751e8b465ee728b)  -> (artifact id: '4ecd2e33d75164ed705788e154d5ab01') in 0.014220 seconds 
========================================================================
Received Import Request.
  Time since last request: 0.000018 seconds.
  path: Assets/Tileset_test/Tiles/Cliff_tileset_115.asset
  artifactKey: Guid(2ef8b5222e46f45429ca808f04685d22) Importer(815301076,1909f56bfc062723c751e8b465ee728b)
Start importing Assets/Tileset_test/Tiles/Cliff_tileset_115.asset using Guid(2ef8b5222e46f45429ca808f04685d22) Importer(815301076,1909f56bfc062723c751e8b465ee728b)  -> (artifact id: 'f1890701e9d1310113d0fd52ed3d2bb5') in 0.014515 seconds 
========================================================================
Received Import Request.
  Time since last request: 0.000021 seconds.
  path: Assets/Tileset_test/Tiles/Cliff_tileset_125.asset
  artifactKey: Guid(dd510d86bb03af24ca9d2c2c7f86fc53) Importer(815301076,1909f56bfc062723c751e8b465ee728b)
Start importing Assets/Tileset_test/Tiles/Cliff_tileset_125.asset using Guid(dd510d86bb03af24ca9d2c2c7f86fc53) Importer(815301076,1909f56bfc062723c751e8b465ee728b)  -> (artifact id: '62728ce2bde1e9d2f47582c0b7605882') in 0.014502 seconds 
========================================================================
Received Import Request.
  Time since last request: 0.000019 seconds.
  path: Assets/Tileset_test/Tiles/Cliff_tileset_55.asset
  artifactKey: Guid(5a55606d2810e1b429c70c34c2a04721) Importer(815301076,1909f56bfc062723c751e8b465ee728b)
Start importing Assets/Tileset_test/Tiles/Cliff_tileset_55.asset using Guid(5a55606d2810e1b429c70c34c2a04721) Importer(815301076,1909f56bfc062723c751e8b465ee728b)  -> (artifact id: '0e54c52ca7e93c53ab9f4a3760795ae1') in 0.015477 seconds 
========================================================================
Received Import Request.
  Time since last request: 0.000019 seconds.
  path: Assets/Tileset_test/Tiles/Cliff_tileset_118.asset
  artifactKey: Guid(bcc56229a16f0a245ba6820edb2bd6ca) Importer(815301076,1909f56bfc062723c751e8b465ee728b)
Start importing Assets/Tileset_test/Tiles/Cliff_tileset_118.asset using Guid(bcc56229a16f0a245ba6820edb2bd6ca) Importer(815301076,1909f56bfc062723c751e8b465ee728b)  -> (artifact id: '59237905176743433099c1f7b6c58b10') in 0.013862 seconds 
========================================================================
Received Import Request.
  Time since last request: 0.000017 seconds.
  path: Assets/Tileset_test/Tiles/Cliff_tileset_106.asset
  artifactKey: Guid(45fc48b49e2461f408e6c73c3a6a25a3) Importer(815301076,1909f56bfc062723c751e8b465ee728b)
Start importing Assets/Tileset_test/Tiles/Cliff_tileset_106.asset using Guid(45fc48b49e2461f408e6c73c3a6a25a3) Importer(815301076,1909f56bfc062723c751e8b465ee728b)  -> (artifact id: '1d1604b1e0727ac54e6f777721bf8933') in 0.014765 seconds 
========================================================================
Received Import Request.
  Time since last request: 0.000015 seconds.
  path: Assets/Tileset_test/Tiles/Cliff_tileset_112.asset
  artifactKey: Guid(967710bfd34b629479b40aacbccb35db) Importer(815301076,1909f56bfc062723c751e8b465ee728b)
Start importing Assets/Tileset_test/Tiles/Cliff_tileset_112.asset using Guid(967710bfd34b629479b40aacbccb35db) Importer(815301076,1909f56bfc062723c751e8b465ee728b)  -> (artifact id: '9ddc060767f940e00919ed59bc35a07a') in 0.014007 seconds 
========================================================================
Received Import Request.
  Time since last request: 0.000018 seconds.
  path: Assets/Tileset_test/Tiles/Cliff_tileset_62.asset
  artifactKey: Guid(0efa3b3a0e1d9244f84be3cc1899cab0) Importer(815301076,1909f56bfc062723c751e8b465ee728b)
Start importing Assets/Tileset_test/Tiles/Cliff_tileset_62.asset using Guid(0efa3b3a0e1d9244f84be3cc1899cab0) Importer(815301076,1909f56bfc062723c751e8b465ee728b)  -> (artifact id: 'cb644418649a47ef8f3001b3551ed915') in 0.012155 seconds 
========================================================================
Received Import Request.
  Time since last request: 0.000021 seconds.
  path: Assets/Tileset_test/Tiles/Cliff_tileset_73.asset
  artifactKey: Guid(36bee501851281d44af29fbe378abbcd) Importer(815301076,1909f56bfc062723c751e8b465ee728b)
Start importing Assets/Tileset_test/Tiles/Cliff_tileset_73.asset using Guid(36bee501851281d44af29fbe378abbcd) Importer(815301076,1909f56bfc062723c751e8b465ee728b)  -> (artifact id: '8fe23e3642c08cd44183a88c6821f9cf') in 0.013262 seconds 
========================================================================
Received Import Request.
  Time since last request: 0.000020 seconds.
  path: Assets/Tileset_test/Tiles/Cliff_tileset_98.asset
  artifactKey: Guid(c6e6626127ec1884e928f03b9ae8702c) Importer(815301076,1909f56bfc062723c751e8b465ee728b)
Start importing Assets/Tileset_test/Tiles/Cliff_tileset_98.asset using Guid(c6e6626127ec1884e928f03b9ae8702c) Importer(815301076,1909f56bfc062723c751e8b465ee728b)  -> (artifact id: '156789df4ebadeb468e813a76cdd9343') in 0.014098 seconds 
========================================================================
Received Import Request.
  Time since last request: 0.000022 seconds.
  path: Assets/Tileset_test/Tiles/Cliff_tileset_78.asset
  artifactKey: Guid(96f4a32162b2d984f8796686c41d2b1b) Importer(815301076,1909f56bfc062723c751e8b465ee728b)
Start importing Assets/Tileset_test/Tiles/Cliff_tileset_78.asset using Guid(96f4a32162b2d984f8796686c41d2b1b) Importer(815301076,1909f56bfc062723c751e8b465ee728b)  -> (artifact id: '6f4d2e8681dfee1311c0d918314f9a5a') in 0.013314 seconds 
========================================================================
Received Import Request.
  Time since last request: 0.000019 seconds.
  path: Assets/Tileset_test/Tiles/Cliff_tileset_85.asset
  artifactKey: Guid(b5a1bc6f03f06b3428741253da76822d) Importer(815301076,1909f56bfc062723c751e8b465ee728b)
Start importing Assets/Tileset_test/Tiles/Cliff_tileset_85.asset using Guid(b5a1bc6f03f06b3428741253da76822d) Importer(815301076,1909f56bfc062723c751e8b465ee728b)  -> (artifact id: '6a8094e165c1276d85e90d64ff9f9041') in 0.013232 seconds 
========================================================================
Received Import Request.
  Time since last request: 0.000028 seconds.
  path: Assets/Tileset_test/Tiles/Cliff_tileset_67.asset
  artifactKey: Guid(e22c35c936da41a41ad65cb5b5039ecb) Importer(815301076,1909f56bfc062723c751e8b465ee728b)
Start importing Assets/Tileset_test/Tiles/Cliff_tileset_67.asset using Guid(e22c35c936da41a41ad65cb5b5039ecb) Importer(815301076,1909f56bfc062723c751e8b465ee728b)  -> (artifact id: '8cb81d111c7fe15ce3557f610fa695f5') in 0.012200 seconds 
========================================================================
Received Import Request.
  Time since last request: 0.000029 seconds.
  path: Assets/Tileset_test/Tiles/Cliff_tileset_65.asset
  artifactKey: Guid(d8d0c8f905893d049b4e709b5bdf8b55) Importer(815301076,1909f56bfc062723c751e8b465ee728b)
Start importing Assets/Tileset_test/Tiles/Cliff_tileset_65.asset using Guid(d8d0c8f905893d049b4e709b5bdf8b55) Importer(815301076,1909f56bfc062723c751e8b465ee728b)  -> (artifact id: '0a602d1c8e96109ee6edd80154c22ddd') in 0.010835 seconds 
========================================================================
Received Import Request.
  Time since last request: 12.116576 seconds.
  path: Assets/Tileset_test/Ground Tiles.prefab
  artifactKey: Guid(e25103f6a01e73f40bab3b068f49270f) Importer(815301076,1909f56bfc062723c751e8b465ee728b)
Start importing Assets/Tileset_test/Ground Tiles.prefab using Guid(e25103f6a01e73f40bab3b068f49270f) Importer(815301076,1909f56bfc062723c751e8b465ee728b)  -> (artifact id: 'a9d1ad934e7f344fd9ca49c17aa145e9') in 0.055274 seconds 
========================================================================
Received Prepare
Registering precompiled user dll's ...
Registered in 0.005164 seconds.
Begin MonoManager ReloadAssembly
Symbol file LoadedFromMemory doesn't match image C:\Unity_Git\MiMa_Project\MiMa_Project\Library\PackageCache\com.unity.visualscripting@1.7.5\Editor\VisualScripting.Core\Dependencies\YamlDotNet\Unity.VisualScripting.YamlDotNet.dll
Symbol file LoadedFromMemory doesn't match image C:\Unity_Git\MiMa_Project\MiMa_Project\Library\PackageCache\com.unity.visualscripting@1.7.5\Editor\VisualScripting.Core\Dependencies\DotNetZip\Unity.VisualScripting.IonicZip.dll
Native extension for WindowsStandalone target not found
Refreshing native plugins compatible for Editor in 0.73 ms, found 4 plugins.
Preloading 0 native plugins for Editor in 0.00 ms.
Mono: successfully reloaded assembly
- Completed reload, in  1.341 seconds
Domain Reload Profiling:
	ReloadAssembly (1342ms)
		BeginReloadAssembly (182ms)
			ExecutionOrderSort (0ms)
			DisableScriptedObjects (10ms)
			BackupInstance (0ms)
			ReleaseScriptingObjects (0ms)
			CreateAndSetChildDomain (63ms)
		EndReloadAssembly (1030ms)
			LoadAssemblies (97ms)
			RebuildTransferFunctionScriptingTraits (0ms)
			SetupTypeCache (300ms)
				TypeCache.Initialize (294ms)
					TypeCache.ScanAssembly (289ms)
				ResolveRequiredComponents (5ms)
			ReleaseScriptCaches (1ms)
			RebuildScriptCaches (64ms)
			SetupLoadedEditorAssemblies (512ms)
				LogAssemblyErrors (0ms)
				InitializePlatformSupportModulesInManaged (14ms)
				SetLoadedEditorAssemblies (11ms)
				RefreshPlugins (1ms)
				BeforeProcessingInitializeOnLoad (80ms)
				ProcessInitializeOnLoadAttributes (364ms)
				ProcessInitializeOnLoadMethodAttributes (37ms)
				AfterProcessingInitializeOnLoad (5ms)
				EditorAssembliesLoaded (0ms)
			ExecutionOrderSort2 (0ms)
			AwakeInstancesAfterBackupRestoration (8ms)
Platform modules already initialized, skipping
Failed to load shader (instanceID 402, GUID 7cbb3655339ec401ca75ba5fe26884f4)
Failed to load shader (instanceID 404, GUID bedd19944f451ba4d83e7ed69be98d5c)
Failed to load shader (instanceID 398, GUID 3230fdc399f8287488325e5941a00527)
Failed to load shader (instanceID 406, GUID 9c442dc870b456e48b615cd8add0e9ef)
Failed to load shader (instanceID 400, GUID 603d454d711fe784cba9ce08dd22b881)
Failed to load shader (instanceID 396, GUID 0a8f4dcd626bcd14bbbfa5a5e116b16e)
Refreshing native plugins compatible for Editor in 2.01 ms, found 4 plugins.
Preloading 0 native plugins for Editor in 0.00 ms.
Unloading 3920 Unused Serialized files (Serialized files now loaded: 0)
Unloading 22 unused Assets / (25.4 KB). Loaded Objects now: 4654.
Memory consumption went from 0.60 GB to 0.60 GB.
Total: 3.790300 ms (FindLiveObjects: 0.513500 ms CreateObjectMapping: 0.296900 ms MarkObjects: 2.957000 ms  DeleteObjects: 0.021500 ms)

AssetImportParameters requested are different than current active one (requested -> active):
  custom:video-decoder-ogg-theora: a1e56fd34408186e4bbccfd4996cb3dc -> 
  custom:container-muxer-webm: aa71ff27fc2769a1b78a27578f13a17b -> 
  custom:container-demuxer-webm: 4f35f7cbe854078d1ac9338744f61a02 -> 
  custom:video-encoder-webm-vp8: eb34c28f22e8b96e1ab97ce403110664 -> 
  custom:audio-encoder-webm-vorbis: bf7c407c2cedff20999df2af8eb42d56 -> 
  custom:framework-win-MediaFoundation: 216162199b28c13a410421893ffa2e32 -> 
  custom:container-demuxer-ogg: 62fdf1f143b41e24485cea50d1cbac27 -> 
  custom:video-decoder-webm-vp8: 9c59270c3fd7afecdb556c50c9e8de78 -> 
  custom:audio-decoder-ogg-vorbis: bf7c407c2cedff20999df2af8eb42d56 -> 
========================================================================
Received Import Request.
  Time since last request: 250.656263 seconds.
  path: Assets/Tileset_test/Ground Tiles.prefab
  artifactKey: Guid(e25103f6a01e73f40bab3b068f49270f) Importer(815301076,1909f56bfc062723c751e8b465ee728b)
Start importing Assets/Tileset_test/Ground Tiles.prefab using Guid(e25103f6a01e73f40bab3b068f49270f) Importer(815301076,1909f56bfc062723c751e8b465ee728b)  -> (artifact id: '0c5187813d7056cace65ab5a58280497') in 0.090690 seconds 
========================================================================
Received Import Request.
  Time since last request: 35.645600 seconds.
  path: Assets/Tileset_test/Palette_test
  artifactKey: Guid(c74afe086955cc14092473501fc1af54) Importer(815301076,1909f56bfc062723c751e8b465ee728b)
Start importing Assets/Tileset_test/Palette_test using Guid(c74afe086955cc14092473501fc1af54) Importer(815301076,1909f56bfc062723c751e8b465ee728b)  -> (artifact id: '29a5f755dca1838a0681fdc290add204') in 0.005459 seconds 
========================================================================
Received Import Request.
  Time since last request: 16.712644 seconds.
  path: Assets/Tileset_test/Tilemap_test
  artifactKey: Guid(e2f611371faafbc43987eaf314245f2f) Importer(815301076,1909f56bfc062723c751e8b465ee728b)
Start importing Assets/Tileset_test/Tilemap_test using Guid(e2f611371faafbc43987eaf314245f2f) Importer(815301076,1909f56bfc062723c751e8b465ee728b)  -> (artifact id: '5b5ad6d0e4c3a553ac2d6fb90b78473f') in 0.005827 seconds 
========================================================================
Received Import Request.
  Time since last request: 18.069020 seconds.
  path: Assets/Tileset_test/Extra_Unfinished4.png
  artifactKey: Guid(9d8cb3c3f63c3e64987d1988c2464efa) Importer(815301076,1909f56bfc062723c751e8b465ee728b)
Start importing Assets/Tileset_test/Extra_Unfinished4.png using Guid(9d8cb3c3f63c3e64987d1988c2464efa) Importer(815301076,1909f56bfc062723c751e8b465ee728b)  -> (artifact id: 'c0447aa6338159c6559385ca346542b2') in 0.021148 seconds 
========================================================================
Received Import Request.
  Time since last request: 16.507453 seconds.
  path: Assets/Tileset_test/graphics-tiles-waterflow.png
  artifactKey: Guid(2dc1e6f452852304e94970a30e4c0e6d) Importer(815301076,1909f56bfc062723c751e8b465ee728b)
Start importing Assets/Tileset_test/graphics-tiles-waterflow.png using Guid(2dc1e6f452852304e94970a30e4c0e6d) Importer(815301076,1909f56bfc062723c751e8b465ee728b)  -> (artifact id: '0f5422f0ef745cc0cd8e9e8dfd32ddd9') in 0.018025 seconds 
========================================================================
Received Import Request.
  Time since last request: 0.000027 seconds.
  path: Assets/Tileset_test/object- layer.png
  artifactKey: Guid(521f6a05d5526ee4a894704a59ac8876) Importer(815301076,1909f56bfc062723c751e8b465ee728b)
Start importing Assets/Tileset_test/object- layer.png using Guid(521f6a05d5526ee4a894704a59ac8876) Importer(815301076,1909f56bfc062723c751e8b465ee728b)  -> (artifact id: 'e3d2aca916c694c85cf4f98ea37cb6ee') in 0.014564 seconds 
========================================================================
Received Import Request.
  Time since last request: 0.000026 seconds.
  path: Assets/Tileset_test/treesv6_0.psd
  artifactKey: Guid(34f08f7a19035d349aa0c06b69542b41) Importer(815301076,1909f56bfc062723c751e8b465ee728b)
Start importing Assets/Tileset_test/treesv6_0.psd using Guid(34f08f7a19035d349aa0c06b69542b41) Importer(815301076,1909f56bfc062723c751e8b465ee728b)  -> (artifact id: 'fb076920c9d7a061f074f4ca4daffe2e') in 0.016502 seconds 
========================================================================
Received Import Request.
  Time since last request: 61.895695 seconds.
  path: Assets/Tileset_test/ground_tiles.png
  artifactKey: Guid(b44d586637a916745b0035307f073aaa) Importer(815301076,1909f56bfc062723c751e8b465ee728b)
Start importing Assets/Tileset_test/ground_tiles.png using Guid(b44d586637a916745b0035307f073aaa) Importer(815301076,1909f56bfc062723c751e8b465ee728b)  -> (artifact id: '14b7a51d172bf390c4e9ede5d4ac32b8') in 0.766777 seconds 
========================================================================
Received Prepare
Registering precompiled user dll's ...
Registered in 0.006199 seconds.
Begin MonoManager ReloadAssembly
Symbol file LoadedFromMemory doesn't match image C:\Unity_Git\MiMa_Project\MiMa_Project\Library\PackageCache\com.unity.visualscripting@1.7.5\Editor\VisualScripting.Core\Dependencies\YamlDotNet\Unity.VisualScripting.YamlDotNet.dll
Symbol file LoadedFromMemory doesn't match image C:\Unity_Git\MiMa_Project\MiMa_Project\Library\PackageCache\com.unity.visualscripting@1.7.5\Editor\VisualScripting.Core\Dependencies\DotNetZip\Unity.VisualScripting.IonicZip.dll
Native extension for WindowsStandalone target not found
Refreshing native plugins compatible for Editor in 0.80 ms, found 4 plugins.
Preloading 0 native plugins for Editor in 0.00 ms.
Mono: successfully reloaded assembly
- Completed reload, in  1.270 seconds
Domain Reload Profiling:
	ReloadAssembly (1271ms)
		BeginReloadAssembly (147ms)
			ExecutionOrderSort (0ms)
			DisableScriptedObjects (9ms)
			BackupInstance (0ms)
			ReleaseScriptingObjects (0ms)
			CreateAndSetChildDomain (49ms)
		EndReloadAssembly (1000ms)
			LoadAssemblies (79ms)
			RebuildTransferFunctionScriptingTraits (0ms)
			SetupTypeCache (298ms)
				TypeCache.Initialize (291ms)
					TypeCache.ScanAssembly (284ms)
				ResolveRequiredComponents (7ms)
			ReleaseScriptCaches (2ms)
			RebuildScriptCaches (54ms)
			SetupLoadedEditorAssemblies (492ms)
				LogAssemblyErrors (0ms)
				InitializePlatformSupportModulesInManaged (13ms)
				SetLoadedEditorAssemblies (8ms)
				RefreshPlugins (1ms)
				BeforeProcessingInitializeOnLoad (73ms)
				ProcessInitializeOnLoadAttributes (352ms)
				ProcessInitializeOnLoadMethodAttributes (38ms)
				AfterProcessingInitializeOnLoad (6ms)
				EditorAssembliesLoaded (0ms)
			ExecutionOrderSort2 (0ms)
			AwakeInstancesAfterBackupRestoration (8ms)
Platform modules already initialized, skipping
Failed to load shader (instanceID 402, GUID 7cbb3655339ec401ca75ba5fe26884f4)
Failed to load shader (instanceID 404, GUID bedd19944f451ba4d83e7ed69be98d5c)
Failed to load shader (instanceID 398, GUID 3230fdc399f8287488325e5941a00527)
Failed to load shader (instanceID 406, GUID 9c442dc870b456e48b615cd8add0e9ef)
Failed to load shader (instanceID 400, GUID 603d454d711fe784cba9ce08dd22b881)
Failed to load shader (instanceID 396, GUID 0a8f4dcd626bcd14bbbfa5a5e116b16e)
Refreshing native plugins compatible for Editor in 2.20 ms, found 4 plugins.
Preloading 0 native plugins for Editor in 0.00 ms.
Unloading 3920 Unused Serialized files (Serialized files now loaded: 0)
Unloading 22 unused Assets / (25.5 KB). Loaded Objects now: 4662.
Memory consumption went from 0.60 GB to 0.60 GB.
Total: 3.955600 ms (FindLiveObjects: 0.321100 ms CreateObjectMapping: 0.214500 ms MarkObjects: 3.395500 ms  DeleteObjects: 0.022900 ms)

AssetImportParameters requested are different than current active one (requested -> active):
  custom:video-decoder-ogg-theora: a1e56fd34408186e4bbccfd4996cb3dc -> 
  custom:container-muxer-webm: aa71ff27fc2769a1b78a27578f13a17b -> 
  custom:container-demuxer-webm: 4f35f7cbe854078d1ac9338744f61a02 -> 
  custom:video-encoder-webm-vp8: eb34c28f22e8b96e1ab97ce403110664 -> 
  custom:audio-encoder-webm-vorbis: bf7c407c2cedff20999df2af8eb42d56 -> 
  custom:framework-win-MediaFoundation: 216162199b28c13a410421893ffa2e32 -> 
  custom:container-demuxer-ogg: 62fdf1f143b41e24485cea50d1cbac27 -> 
  custom:video-decoder-webm-vp8: 9c59270c3fd7afecdb556c50c9e8de78 -> 
  custom:audio-decoder-ogg-vorbis: bf7c407c2cedff20999df2af8eb42d56 -> 
========================================================================
Received Prepare
Registering precompiled user dll's ...
Registered in 0.006281 seconds.
Begin MonoManager ReloadAssembly
Symbol file LoadedFromMemory doesn't match image C:\Unity_Git\MiMa_Project\MiMa_Project\Library\PackageCache\com.unity.visualscripting@1.7.5\Editor\VisualScripting.Core\Dependencies\YamlDotNet\Unity.VisualScripting.YamlDotNet.dll
Symbol file LoadedFromMemory doesn't match image C:\Unity_Git\MiMa_Project\MiMa_Project\Library\PackageCache\com.unity.visualscripting@1.7.5\Editor\VisualScripting.Core\Dependencies\DotNetZip\Unity.VisualScripting.IonicZip.dll
Native extension for WindowsStandalone target not found
Refreshing native plugins compatible for Editor in 0.88 ms, found 4 plugins.
Preloading 0 native plugins for Editor in 0.00 ms.
Mono: successfully reloaded assembly
- Completed reload, in  1.248 seconds
Domain Reload Profiling:
	ReloadAssembly (1249ms)
		BeginReloadAssembly (146ms)
			ExecutionOrderSort (0ms)
			DisableScriptedObjects (8ms)
			BackupInstance (0ms)
			ReleaseScriptingObjects (0ms)
			CreateAndSetChildDomain (51ms)
		EndReloadAssembly (986ms)
			LoadAssemblies (81ms)
			RebuildTransferFunctionScriptingTraits (0ms)
			SetupTypeCache (282ms)
				TypeCache.Initialize (277ms)
					TypeCache.ScanAssembly (272ms)
				ResolveRequiredComponents (6ms)
			ReleaseScriptCaches (1ms)
			RebuildScriptCaches (51ms)
			SetupLoadedEditorAssemblies (497ms)
				LogAssemblyErrors (0ms)
				InitializePlatformSupportModulesInManaged (14ms)
				SetLoadedEditorAssemblies (10ms)
				RefreshPlugins (1ms)
				BeforeProcessingInitializeOnLoad (71ms)
				ProcessInitializeOnLoadAttributes (356ms)
				ProcessInitializeOnLoadMethodAttributes (39ms)
				AfterProcessingInitializeOnLoad (5ms)
				EditorAssembliesLoaded (0ms)
			ExecutionOrderSort2 (0ms)
			AwakeInstancesAfterBackupRestoration (9ms)
Platform modules already initialized, skipping
Failed to load shader (instanceID 402, GUID 7cbb3655339ec401ca75ba5fe26884f4)
Failed to load shader (instanceID 404, GUID bedd19944f451ba4d83e7ed69be98d5c)
Failed to load shader (instanceID 398, GUID 3230fdc399f8287488325e5941a00527)
Failed to load shader (instanceID 406, GUID 9c442dc870b456e48b615cd8add0e9ef)
Failed to load shader (instanceID 400, GUID 603d454d711fe784cba9ce08dd22b881)
Failed to load shader (instanceID 396, GUID 0a8f4dcd626bcd14bbbfa5a5e116b16e)
Refreshing native plugins compatible for Editor in 2.74 ms, found 4 plugins.
Preloading 0 native plugins for Editor in 0.00 ms.
Unloading 3921 Unused Serialized files (Serialized files now loaded: 0)
Unloading 22 unused Assets / (32.6 KB). Loaded Objects now: 4665.
Memory consumption went from 0.60 GB to 0.60 GB.
Total: 4.419900 ms (FindLiveObjects: 0.400200 ms CreateObjectMapping: 0.322700 ms MarkObjects: 3.669200 ms  DeleteObjects: 0.026600 ms)

AssetImportParameters requested are different than current active one (requested -> active):
  custom:video-decoder-ogg-theora: a1e56fd34408186e4bbccfd4996cb3dc -> 
  custom:container-muxer-webm: aa71ff27fc2769a1b78a27578f13a17b -> 
  custom:container-demuxer-webm: 4f35f7cbe854078d1ac9338744f61a02 -> 
  custom:video-encoder-webm-vp8: eb34c28f22e8b96e1ab97ce403110664 -> 
  custom:audio-encoder-webm-vorbis: bf7c407c2cedff20999df2af8eb42d56 -> 
  custom:framework-win-MediaFoundation: 216162199b28c13a410421893ffa2e32 -> 
  custom:container-demuxer-ogg: 62fdf1f143b41e24485cea50d1cbac27 -> 
  custom:video-decoder-webm-vp8: 9c59270c3fd7afecdb556c50c9e8de78 -> 
  custom:audio-decoder-ogg-vorbis: bf7c407c2cedff20999df2af8eb42d56 -> 
========================================================================
Received Prepare
Registering precompiled user dll's ...
Registered in 0.004761 seconds.
Begin MonoManager ReloadAssembly
Symbol file LoadedFromMemory doesn't match image C:\Unity_Git\MiMa_Project\MiMa_Project\Library\PackageCache\com.unity.visualscripting@1.7.5\Editor\VisualScripting.Core\Dependencies\YamlDotNet\Unity.VisualScripting.YamlDotNet.dll
Symbol file LoadedFromMemory doesn't match image C:\Unity_Git\MiMa_Project\MiMa_Project\Library\PackageCache\com.unity.visualscripting@1.7.5\Editor\VisualScripting.Core\Dependencies\DotNetZip\Unity.VisualScripting.IonicZip.dll
Native extension for WindowsStandalone target not found
Refreshing native plugins compatible for Editor in 0.70 ms, found 4 plugins.
Preloading 0 native plugins for Editor in 0.00 ms.
Mono: successfully reloaded assembly
- Completed reload, in  1.299 seconds
Domain Reload Profiling:
	ReloadAssembly (1300ms)
		BeginReloadAssembly (160ms)
			ExecutionOrderSort (0ms)
			DisableScriptedObjects (8ms)
			BackupInstance (0ms)
			ReleaseScriptingObjects (0ms)
			CreateAndSetChildDomain (49ms)
		EndReloadAssembly (1020ms)
			LoadAssemblies (89ms)
			RebuildTransferFunctionScriptingTraits (0ms)
			SetupTypeCache (300ms)
				TypeCache.Initialize (294ms)
					TypeCache.ScanAssembly (289ms)
				ResolveRequiredComponents (6ms)
			ReleaseScriptCaches (1ms)
			RebuildScriptCaches (53ms)
			SetupLoadedEditorAssemblies (516ms)
				LogAssemblyErrors (0ms)
				InitializePlatformSupportModulesInManaged (15ms)
				SetLoadedEditorAssemblies (8ms)
				RefreshPlugins (1ms)
				BeforeProcessingInitializeOnLoad (71ms)
				ProcessInitializeOnLoadAttributes (372ms)
				ProcessInitializeOnLoadMethodAttributes (42ms)
				AfterProcessingInitializeOnLoad (6ms)
				EditorAssembliesLoaded (0ms)
			ExecutionOrderSort2 (0ms)
			AwakeInstancesAfterBackupRestoration (9ms)
Platform modules already initialized, skipping
Failed to load shader (instanceID 402, GUID 7cbb3655339ec401ca75ba5fe26884f4)
Failed to load shader (instanceID 404, GUID bedd19944f451ba4d83e7ed69be98d5c)
Failed to load shader (instanceID 398, GUID 3230fdc399f8287488325e5941a00527)
Failed to load shader (instanceID 406, GUID 9c442dc870b456e48b615cd8add0e9ef)
Failed to load shader (instanceID 400, GUID 603d454d711fe784cba9ce08dd22b881)
Failed to load shader (instanceID 396, GUID 0a8f4dcd626bcd14bbbfa5a5e116b16e)
Refreshing native plugins compatible for Editor in 2.33 ms, found 4 plugins.
Preloading 0 native plugins for Editor in 0.00 ms.
Unloading 3921 Unused Serialized files (Serialized files now loaded: 0)
Unloading 22 unused Assets / (32.6 KB). Loaded Objects now: 4668.
Memory consumption went from 0.60 GB to 0.60 GB.
Total: 4.228800 ms (FindLiveObjects: 0.338700 ms CreateObjectMapping: 0.251200 ms MarkObjects: 3.613900 ms  DeleteObjects: 0.024400 ms)

AssetImportParameters requested are different than current active one (requested -> active):
  custom:video-decoder-ogg-theora: a1e56fd34408186e4bbccfd4996cb3dc -> 
  custom:container-muxer-webm: aa71ff27fc2769a1b78a27578f13a17b -> 
  custom:container-demuxer-webm: 4f35f7cbe854078d1ac9338744f61a02 -> 
  custom:video-encoder-webm-vp8: eb34c28f22e8b96e1ab97ce403110664 -> 
  custom:audio-encoder-webm-vorbis: bf7c407c2cedff20999df2af8eb42d56 -> 
  custom:framework-win-MediaFoundation: 216162199b28c13a410421893ffa2e32 -> 
  custom:container-demuxer-ogg: 62fdf1f143b41e24485cea50d1cbac27 -> 
  custom:video-decoder-webm-vp8: 9c59270c3fd7afecdb556c50c9e8de78 -> 
  custom:audio-decoder-ogg-vorbis: bf7c407c2cedff20999df2af8eb42d56 -> 
========================================================================
Received Prepare
Registering precompiled user dll's ...
Registered in 0.006306 seconds.
Begin MonoManager ReloadAssembly
Symbol file LoadedFromMemory doesn't match image C:\Unity_Git\MiMa_Project\MiMa_Project\Library\PackageCache\com.unity.visualscripting@1.7.5\Editor\VisualScripting.Core\Dependencies\YamlDotNet\Unity.VisualScripting.YamlDotNet.dll
Symbol file LoadedFromMemory doesn't match image C:\Unity_Git\MiMa_Project\MiMa_Project\Library\PackageCache\com.unity.visualscripting@1.7.5\Editor\VisualScripting.Core\Dependencies\DotNetZip\Unity.VisualScripting.IonicZip.dll
Native extension for WindowsStandalone target not found
Refreshing native plugins compatible for Editor in 0.84 ms, found 4 plugins.
Preloading 0 native plugins for Editor in 0.00 ms.
Mono: successfully reloaded assembly
- Completed reload, in  1.283 seconds
Domain Reload Profiling:
	ReloadAssembly (1284ms)
		BeginReloadAssembly (148ms)
			ExecutionOrderSort (0ms)
			DisableScriptedObjects (8ms)
			BackupInstance (0ms)
			ReleaseScriptingObjects (0ms)
			CreateAndSetChildDomain (52ms)
		EndReloadAssembly (1020ms)
			LoadAssemblies (78ms)
			RebuildTransferFunctionScriptingTraits (0ms)
			SetupTypeCache (294ms)
				TypeCache.Initialize (289ms)
					TypeCache.ScanAssembly (283ms)
				ResolveRequiredComponents (5ms)
			ReleaseScriptCaches (1ms)
			RebuildScriptCaches (53ms)
			SetupLoadedEditorAssemblies (517ms)
				LogAssemblyErrors (0ms)
				InitializePlatformSupportModulesInManaged (12ms)
				SetLoadedEditorAssemblies (10ms)
				RefreshPlugins (1ms)
				BeforeProcessingInitializeOnLoad (74ms)
				ProcessInitializeOnLoadAttributes (364ms)
				ProcessInitializeOnLoadMethodAttributes (50ms)
				AfterProcessingInitializeOnLoad (6ms)
				EditorAssembliesLoaded (0ms)
			ExecutionOrderSort2 (0ms)
			AwakeInstancesAfterBackupRestoration (10ms)
Platform modules already initialized, skipping
Failed to load shader (instanceID 402, GUID 7cbb3655339ec401ca75ba5fe26884f4)
Failed to load shader (instanceID 404, GUID bedd19944f451ba4d83e7ed69be98d5c)
Failed to load shader (instanceID 398, GUID 3230fdc399f8287488325e5941a00527)
Failed to load shader (instanceID 406, GUID 9c442dc870b456e48b615cd8add0e9ef)
Failed to load shader (instanceID 400, GUID 603d454d711fe784cba9ce08dd22b881)
Failed to load shader (instanceID 396, GUID 0a8f4dcd626bcd14bbbfa5a5e116b16e)
Refreshing native plugins compatible for Editor in 2.21 ms, found 4 plugins.
Preloading 0 native plugins for Editor in 0.00 ms.
Unloading 3921 Unused Serialized files (Serialized files now loaded: 0)
Unloading 22 unused Assets / (32.5 KB). Loaded Objects now: 4671.
Memory consumption went from 0.60 GB to 0.60 GB.
Total: 3.820500 ms (FindLiveObjects: 0.321000 ms CreateObjectMapping: 0.219700 ms MarkObjects: 3.259000 ms  DeleteObjects: 0.019800 ms)

AssetImportParameters requested are different than current active one (requested -> active):
  custom:video-decoder-ogg-theora: a1e56fd34408186e4bbccfd4996cb3dc -> 
  custom:container-muxer-webm: aa71ff27fc2769a1b78a27578f13a17b -> 
  custom:container-demuxer-webm: 4f35f7cbe854078d1ac9338744f61a02 -> 
  custom:video-encoder-webm-vp8: eb34c28f22e8b96e1ab97ce403110664 -> 
  custom:audio-encoder-webm-vorbis: bf7c407c2cedff20999df2af8eb42d56 -> 
  custom:framework-win-MediaFoundation: 216162199b28c13a410421893ffa2e32 -> 
  custom:container-demuxer-ogg: 62fdf1f143b41e24485cea50d1cbac27 -> 
  custom:video-decoder-webm-vp8: 9c59270c3fd7afecdb556c50c9e8de78 -> 
  custom:audio-decoder-ogg-vorbis: bf7c407c2cedff20999df2af8eb42d56 -> 
========================================================================
Received Prepare
Registering precompiled user dll's ...
Registered in 0.005258 seconds.
Begin MonoManager ReloadAssembly
Symbol file LoadedFromMemory doesn't match image C:\Unity_Git\MiMa_Project\MiMa_Project\Library\PackageCache\com.unity.visualscripting@1.7.5\Editor\VisualScripting.Core\Dependencies\YamlDotNet\Unity.VisualScripting.YamlDotNet.dll
Symbol file LoadedFromMemory doesn't match image C:\Unity_Git\MiMa_Project\MiMa_Project\Library\PackageCache\com.unity.visualscripting@1.7.5\Editor\VisualScripting.Core\Dependencies\DotNetZip\Unity.VisualScripting.IonicZip.dll
Native extension for WindowsStandalone target not found
Refreshing native plugins compatible for Editor in 0.70 ms, found 4 plugins.
Preloading 0 native plugins for Editor in 0.00 ms.
Mono: successfully reloaded assembly
- Completed reload, in  1.276 seconds
Domain Reload Profiling:
	ReloadAssembly (1277ms)
		BeginReloadAssembly (148ms)
			ExecutionOrderSort (0ms)
			DisableScriptedObjects (11ms)
			BackupInstance (0ms)
			ReleaseScriptingObjects (0ms)
			CreateAndSetChildDomain (44ms)
		EndReloadAssembly (1010ms)
			LoadAssemblies (84ms)
			RebuildTransferFunctionScriptingTraits (0ms)
			SetupTypeCache (286ms)
				TypeCache.Initialize (280ms)
					TypeCache.ScanAssembly (274ms)
				ResolveRequiredComponents (6ms)
			ReleaseScriptCaches (2ms)
			RebuildScriptCaches (57ms)
			SetupLoadedEditorAssemblies (512ms)
				LogAssemblyErrors (0ms)
				InitializePlatformSupportModulesInManaged (13ms)
				SetLoadedEditorAssemblies (8ms)
				RefreshPlugins (1ms)
				BeforeProcessingInitializeOnLoad (74ms)
				ProcessInitializeOnLoadAttributes (373ms)
				ProcessInitializeOnLoadMethodAttributes (37ms)
				AfterProcessingInitializeOnLoad (6ms)
				EditorAssembliesLoaded (0ms)
			ExecutionOrderSort2 (0ms)
			AwakeInstancesAfterBackupRestoration (8ms)
Platform modules already initialized, skipping
Failed to load shader (instanceID 402, GUID 7cbb3655339ec401ca75ba5fe26884f4)
Failed to load shader (instanceID 404, GUID bedd19944f451ba4d83e7ed69be98d5c)
Failed to load shader (instanceID 398, GUID 3230fdc399f8287488325e5941a00527)
Failed to load shader (instanceID 406, GUID 9c442dc870b456e48b615cd8add0e9ef)
Failed to load shader (instanceID 400, GUID 603d454d711fe784cba9ce08dd22b881)
Failed to load shader (instanceID 396, GUID 0a8f4dcd626bcd14bbbfa5a5e116b16e)
Refreshing native plugins compatible for Editor in 3.09 ms, found 4 plugins.
Preloading 0 native plugins for Editor in 0.00 ms.
Unloading 3921 Unused Serialized files (Serialized files now loaded: 0)
Unloading 22 unused Assets / (32.6 KB). Loaded Objects now: 4674.
Memory consumption went from 0.60 GB to 0.60 GB.
Total: 4.284800 ms (FindLiveObjects: 0.348400 ms CreateObjectMapping: 0.255900 ms MarkObjects: 3.645200 ms  DeleteObjects: 0.034100 ms)

AssetImportParameters requested are different than current active one (requested -> active):
  custom:video-decoder-ogg-theora: a1e56fd34408186e4bbccfd4996cb3dc -> 
  custom:container-muxer-webm: aa71ff27fc2769a1b78a27578f13a17b -> 
  custom:container-demuxer-webm: 4f35f7cbe854078d1ac9338744f61a02 -> 
  custom:video-encoder-webm-vp8: eb34c28f22e8b96e1ab97ce403110664 -> 
  custom:audio-encoder-webm-vorbis: bf7c407c2cedff20999df2af8eb42d56 -> 
  custom:framework-win-MediaFoundation: 216162199b28c13a410421893ffa2e32 -> 
  custom:container-demuxer-ogg: 62fdf1f143b41e24485cea50d1cbac27 -> 
  custom:video-decoder-webm-vp8: 9c59270c3fd7afecdb556c50c9e8de78 -> 
  custom:audio-decoder-ogg-vorbis: bf7c407c2cedff20999df2af8eb42d56 -> 
========================================================================
Received Prepare
Registering precompiled user dll's ...
Registered in 0.004960 seconds.
Begin MonoManager ReloadAssembly
Symbol file LoadedFromMemory doesn't match image C:\Unity_Git\MiMa_Project\MiMa_Project\Library\PackageCache\com.unity.visualscripting@1.7.5\Editor\VisualScripting.Core\Dependencies\YamlDotNet\Unity.VisualScripting.YamlDotNet.dll
Symbol file LoadedFromMemory doesn't match image C:\Unity_Git\MiMa_Project\MiMa_Project\Library\PackageCache\com.unity.visualscripting@1.7.5\Editor\VisualScripting.Core\Dependencies\DotNetZip\Unity.VisualScripting.IonicZip.dll
Native extension for WindowsStandalone target not found
Refreshing native plugins compatible for Editor in 0.72 ms, found 4 plugins.
Preloading 0 native plugins for Editor in 0.00 ms.
Mono: successfully reloaded assembly
- Completed reload, in  1.284 seconds
Domain Reload Profiling:
	ReloadAssembly (1285ms)
		BeginReloadAssembly (147ms)
			ExecutionOrderSort (0ms)
			DisableScriptedObjects (9ms)
			BackupInstance (0ms)
			ReleaseScriptingObjects (0ms)
			CreateAndSetChildDomain (43ms)
		EndReloadAssembly (1006ms)
			LoadAssemblies (83ms)
			RebuildTransferFunctionScriptingTraits (0ms)
			SetupTypeCache (293ms)
				TypeCache.Initialize (287ms)
					TypeCache.ScanAssembly (282ms)
				ResolveRequiredComponents (6ms)
			ReleaseScriptCaches (1ms)
			RebuildScriptCaches (56ms)
			SetupLoadedEditorAssemblies (503ms)
				LogAssemblyErrors (0ms)
				InitializePlatformSupportModulesInManaged (16ms)
				SetLoadedEditorAssemblies (9ms)
				RefreshPlugins (1ms)
				BeforeProcessingInitializeOnLoad (74ms)
				ProcessInitializeOnLoadAttributes (356ms)
				ProcessInitializeOnLoadMethodAttributes (41ms)
				AfterProcessingInitializeOnLoad (6ms)
				EditorAssembliesLoaded (0ms)
			ExecutionOrderSort2 (0ms)
			AwakeInstancesAfterBackupRestoration (8ms)
Platform modules already initialized, skipping
Failed to load shader (instanceID 402, GUID 7cbb3655339ec401ca75ba5fe26884f4)
Failed to load shader (instanceID 404, GUID bedd19944f451ba4d83e7ed69be98d5c)
Failed to load shader (instanceID 398, GUID 3230fdc399f8287488325e5941a00527)
Failed to load shader (instanceID 406, GUID 9c442dc870b456e48b615cd8add0e9ef)
Failed to load shader (instanceID 400, GUID 603d454d711fe784cba9ce08dd22b881)
Failed to load shader (instanceID 396, GUID 0a8f4dcd626bcd14bbbfa5a5e116b16e)
Refreshing native plugins compatible for Editor in 2.31 ms, found 4 plugins.
Preloading 0 native plugins for Editor in 0.00 ms.
Unloading 3921 Unused Serialized files (Serialized files now loaded: 0)
Unloading 22 unused Assets / (32.5 KB). Loaded Objects now: 4677.
Memory consumption went from 0.60 GB to 0.60 GB.
Total: 3.915300 ms (FindLiveObjects: 0.341400 ms CreateObjectMapping: 0.261400 ms MarkObjects: 3.291600 ms  DeleteObjects: 0.019900 ms)

AssetImportParameters requested are different than current active one (requested -> active):
  custom:video-decoder-ogg-theora: a1e56fd34408186e4bbccfd4996cb3dc -> 
  custom:container-muxer-webm: aa71ff27fc2769a1b78a27578f13a17b -> 
  custom:container-demuxer-webm: 4f35f7cbe854078d1ac9338744f61a02 -> 
  custom:video-encoder-webm-vp8: eb34c28f22e8b96e1ab97ce403110664 -> 
  custom:audio-encoder-webm-vorbis: bf7c407c2cedff20999df2af8eb42d56 -> 
  custom:framework-win-MediaFoundation: 216162199b28c13a410421893ffa2e32 -> 
  custom:container-demuxer-ogg: 62fdf1f143b41e24485cea50d1cbac27 -> 
  custom:video-decoder-webm-vp8: 9c59270c3fd7afecdb556c50c9e8de78 -> 
  custom:audio-decoder-ogg-vorbis: bf7c407c2cedff20999df2af8eb42d56 -> 
========================================================================
Received Import Request.
  Time since last request: 735.545707 seconds.
  path: Assets/Material
  artifactKey: Guid(703c3a81d8eee744ea2c265b83e41578) Importer(815301076,1909f56bfc062723c751e8b465ee728b)
Start importing Assets/Material using Guid(703c3a81d8eee744ea2c265b83e41578) Importer(815301076,1909f56bfc062723c751e8b465ee728b)  -> (artifact id: 'd47aacc92f9f4387e3f914c6314150ad') in 0.009733 seconds 
========================================================================
Received Import Request.
  Time since last request: 9.810222 seconds.
  path: Assets/Material/PlayerMaterial#.mat
  artifactKey: Guid(08a8ef6f2de7b9d419abcd46fe975c89) Importer(815301076,1909f56bfc062723c751e8b465ee728b)
Start importing Assets/Material/PlayerMaterial#.mat using Guid(08a8ef6f2de7b9d419abcd46fe975c89) Importer(815301076,1909f56bfc062723c751e8b465ee728b)  -> (artifact id: '3df8eb7fd21ae13e010486e448d77a39') in 0.306042 seconds 
========================================================================
Received Import Request.
  Time since last request: 4.662923 seconds.
  path: Assets/Material/PlayerMaterial.mat
  artifactKey: Guid(08a8ef6f2de7b9d419abcd46fe975c89) Importer(815301076,1909f56bfc062723c751e8b465ee728b)
Start importing Assets/Material/PlayerMaterial.mat using Guid(08a8ef6f2de7b9d419abcd46fe975c89) Importer(815301076,1909f56bfc062723c751e8b465ee728b)  -> (artifact id: '15a4e34a36c6beff68a6df18f7bfc440') in 0.015000 seconds 
========================================================================
Received Import Request.
  Time since last request: 140.708645 seconds.
  path: Assets/Tileset_test/Tilemap_test/Cliff_tileset.png
  artifactKey: Guid(c332ae950c6f11941883d774ea5eb036) Importer(815301076,1909f56bfc062723c751e8b465ee728b)
Start importing Assets/Tileset_test/Tilemap_test/Cliff_tileset.png using Guid(c332ae950c6f11941883d774ea5eb036) Importer(815301076,1909f56bfc062723c751e8b465ee728b)  -> (artifact id: '5dcf36856924ef0bdd39c927fc931407') in 0.410190 seconds 
========================================================================
Received Prepare
Registering precompiled user dll's ...
Registered in 0.007725 seconds.
Begin MonoManager ReloadAssembly
Symbol file LoadedFromMemory doesn't match image C:\Unity_Git\MiMa_Project\MiMa_Project\Library\PackageCache\com.unity.visualscripting@1.7.5\Editor\VisualScripting.Core\Dependencies\YamlDotNet\Unity.VisualScripting.YamlDotNet.dll
Symbol file LoadedFromMemory doesn't match image C:\Unity_Git\MiMa_Project\MiMa_Project\Library\PackageCache\com.unity.visualscripting@1.7.5\Editor\VisualScripting.Core\Dependencies\DotNetZip\Unity.VisualScripting.IonicZip.dll
Native extension for WindowsStandalone target not found
Refreshing native plugins compatible for Editor in 0.72 ms, found 4 plugins.
Preloading 0 native plugins for Editor in 0.00 ms.
Mono: successfully reloaded assembly
- Completed reload, in  1.293 seconds
Domain Reload Profiling:
	ReloadAssembly (1294ms)
		BeginReloadAssembly (166ms)
			ExecutionOrderSort (0ms)
			DisableScriptedObjects (10ms)
			BackupInstance (0ms)
			ReleaseScriptingObjects (0ms)
			CreateAndSetChildDomain (48ms)
		EndReloadAssembly (1009ms)
			LoadAssemblies (103ms)
			RebuildTransferFunctionScriptingTraits (0ms)
			SetupTypeCache (284ms)
				TypeCache.Initialize (278ms)
					TypeCache.ScanAssembly (272ms)
				ResolveRequiredComponents (7ms)
			ReleaseScriptCaches (2ms)
			RebuildScriptCaches (54ms)
			SetupLoadedEditorAssemblies (504ms)
				LogAssemblyErrors (0ms)
				InitializePlatformSupportModulesInManaged (13ms)
				SetLoadedEditorAssemblies (8ms)
				RefreshPlugins (1ms)
				BeforeProcessingInitializeOnLoad (71ms)
				ProcessInitializeOnLoadAttributes (369ms)
				ProcessInitializeOnLoadMethodAttributes (37ms)
				AfterProcessingInitializeOnLoad (5ms)
				EditorAssembliesLoaded (0ms)
			ExecutionOrderSort2 (0ms)
			AwakeInstancesAfterBackupRestoration (9ms)
Platform modules already initialized, skipping
Failed to load shader (instanceID 402, GUID 7cbb3655339ec401ca75ba5fe26884f4)
Failed to load shader (instanceID 404, GUID bedd19944f451ba4d83e7ed69be98d5c)
Failed to load shader (instanceID 398, GUID 3230fdc399f8287488325e5941a00527)
Failed to load shader (instanceID 406, GUID 9c442dc870b456e48b615cd8add0e9ef)
Failed to load shader (instanceID 400, GUID 603d454d711fe784cba9ce08dd22b881)
Failed to load shader (instanceID 396, GUID 0a8f4dcd626bcd14bbbfa5a5e116b16e)
Refreshing native plugins compatible for Editor in 2.24 ms, found 4 plugins.
Preloading 0 native plugins for Editor in 0.00 ms.
Unloading 3920 Unused Serialized files (Serialized files now loaded: 0)
Unloading 22 unused Assets / (25.4 KB). Loaded Objects now: 4713.
Memory consumption went from 0.60 GB to 0.60 GB.
Total: 5.675300 ms (FindLiveObjects: 0.353800 ms CreateObjectMapping: 0.231900 ms MarkObjects: 5.059300 ms  DeleteObjects: 0.029200 ms)

AssetImportParameters requested are different than current active one (requested -> active):
  custom:video-decoder-ogg-theora: a1e56fd34408186e4bbccfd4996cb3dc -> 
  custom:container-muxer-webm: aa71ff27fc2769a1b78a27578f13a17b -> 
  custom:container-demuxer-webm: 4f35f7cbe854078d1ac9338744f61a02 -> 
  custom:video-encoder-webm-vp8: eb34c28f22e8b96e1ab97ce403110664 -> 
  custom:audio-encoder-webm-vorbis: bf7c407c2cedff20999df2af8eb42d56 -> 
  custom:framework-win-MediaFoundation: 216162199b28c13a410421893ffa2e32 -> 
  custom:container-demuxer-ogg: 62fdf1f143b41e24485cea50d1cbac27 -> 
  custom:video-decoder-webm-vp8: 9c59270c3fd7afecdb556c50c9e8de78 -> 
  custom:audio-decoder-ogg-vorbis: bf7c407c2cedff20999df2af8eb42d56 -> 
========================================================================
Received Prepare
Registering precompiled user dll's ...
Registered in 0.004711 seconds.
Begin MonoManager ReloadAssembly
Symbol file LoadedFromMemory doesn't match image C:\Unity_Git\MiMa_Project\MiMa_Project\Library\PackageCache\com.unity.visualscripting@1.7.5\Editor\VisualScripting.Core\Dependencies\YamlDotNet\Unity.VisualScripting.YamlDotNet.dll
Symbol file LoadedFromMemory doesn't match image C:\Unity_Git\MiMa_Project\MiMa_Project\Library\PackageCache\com.unity.visualscripting@1.7.5\Editor\VisualScripting.Core\Dependencies\DotNetZip\Unity.VisualScripting.IonicZip.dll
Native extension for WindowsStandalone target not found
Refreshing native plugins compatible for Editor in 0.71 ms, found 4 plugins.
Preloading 0 native plugins for Editor in 0.00 ms.
Mono: successfully reloaded assembly
- Completed reload, in  1.311 seconds
Domain Reload Profiling:
	ReloadAssembly (1313ms)
		BeginReloadAssembly (149ms)
			ExecutionOrderSort (0ms)
			DisableScriptedObjects (8ms)
			BackupInstance (0ms)
			ReleaseScriptingObjects (0ms)
			CreateAndSetChildDomain (45ms)
		EndReloadAssembly (1025ms)
			LoadAssemblies (87ms)
			RebuildTransferFunctionScriptingTraits (0ms)
			SetupTypeCache (298ms)
				TypeCache.Initialize (291ms)
					TypeCache.ScanAssembly (287ms)
				ResolveRequiredComponents (6ms)
			ReleaseScriptCaches (2ms)
			RebuildScriptCaches (54ms)
			SetupLoadedEditorAssemblies (508ms)
				LogAssemblyErrors (0ms)
				InitializePlatformSupportModulesInManaged (14ms)
				SetLoadedEditorAssemblies (9ms)
				RefreshPlugins (1ms)
				BeforeProcessingInitializeOnLoad (70ms)
				ProcessInitializeOnLoadAttributes (370ms)
				ProcessInitializeOnLoadMethodAttributes (39ms)
				AfterProcessingInitializeOnLoad (5ms)
				EditorAssembliesLoaded (0ms)
			ExecutionOrderSort2 (0ms)
			AwakeInstancesAfterBackupRestoration (9ms)
Platform modules already initialized, skipping
Failed to load shader (instanceID 402, GUID 7cbb3655339ec401ca75ba5fe26884f4)
Failed to load shader (instanceID 404, GUID bedd19944f451ba4d83e7ed69be98d5c)
Failed to load shader (instanceID 398, GUID 3230fdc399f8287488325e5941a00527)
Failed to load shader (instanceID 406, GUID 9c442dc870b456e48b615cd8add0e9ef)
Failed to load shader (instanceID 400, GUID 603d454d711fe784cba9ce08dd22b881)
Failed to load shader (instanceID 396, GUID 0a8f4dcd626bcd14bbbfa5a5e116b16e)
Refreshing native plugins compatible for Editor in 1.96 ms, found 4 plugins.
Preloading 0 native plugins for Editor in 0.00 ms.
Unloading 3921 Unused Serialized files (Serialized files now loaded: 0)
Unloading 22 unused Assets / (32.5 KB). Loaded Objects now: 4716.
Memory consumption went from 0.60 GB to 0.60 GB.
Total: 3.854100 ms (FindLiveObjects: 0.345000 ms CreateObjectMapping: 0.315600 ms MarkObjects: 3.172900 ms  DeleteObjects: 0.019800 ms)

AssetImportParameters requested are different than current active one (requested -> active):
  custom:video-decoder-ogg-theora: a1e56fd34408186e4bbccfd4996cb3dc -> 
  custom:container-muxer-webm: aa71ff27fc2769a1b78a27578f13a17b -> 
  custom:container-demuxer-webm: 4f35f7cbe854078d1ac9338744f61a02 -> 
  custom:video-encoder-webm-vp8: eb34c28f22e8b96e1ab97ce403110664 -> 
  custom:audio-encoder-webm-vorbis: bf7c407c2cedff20999df2af8eb42d56 -> 
  custom:framework-win-MediaFoundation: 216162199b28c13a410421893ffa2e32 -> 
  custom:container-demuxer-ogg: 62fdf1f143b41e24485cea50d1cbac27 -> 
  custom:video-decoder-webm-vp8: 9c59270c3fd7afecdb556c50c9e8de78 -> 
  custom:audio-decoder-ogg-vorbis: bf7c407c2cedff20999df2af8eb42d56 -> 
