Using pre-set license
Built from '2022.1/staging' branch; Version is '2022.1.0b11 (9aaa156c3014) revision 10136085'; Using compiler version '192829333'; Build Type 'Release'
OS: 'Windows 11  (10.0.22000) 64bit Core' Language: 'de' Physical Memory: 16205 MB
BatchMode: 1, IsHumanControllingUs: 0, StartBugReporterOnCrash: 0, Is64bit: 1, IsPro: 1

COMMAND LINE ARGUMENTS:
C:\Program Files\Unity\Hub\Editor\2022.1.0b11\Editor\Unity.exe
-adb2
-batchMode
-noUpm
-name
AssetImportWorker0
-projectPath
C:/Unity_Git/MiMa_Project/MiMa_Project
-logFile
Logs/AssetImportWorker0.log
-srvPort
52188
Successfully changed project path to: C:/Unity_Git/MiMa_Project/MiMa_Project
C:/Unity_Git/MiMa_Project/MiMa_Project
[UnityMemory] Configuration Parameters - Can be set up in boot.config
    "memorysetup-bucket-allocator-granularity=16"
    "memorysetup-bucket-allocator-bucket-count=8"
    "memorysetup-bucket-allocator-block-size=33554432"
    "memorysetup-bucket-allocator-block-count=8"
    "memorysetup-main-allocator-block-size=16777216"
    "memorysetup-thread-allocator-block-size=16777216"
    "memorysetup-gfx-main-allocator-block-size=16777216"
    "memorysetup-gfx-thread-allocator-block-size=16777216"
    "memorysetup-cache-allocator-block-size=4194304"
    "memorysetup-typetree-allocator-block-size=2097152"
    "memorysetup-profiler-bucket-allocator-granularity=16"
    "memorysetup-profiler-bucket-allocator-bucket-count=8"
    "memorysetup-profiler-bucket-allocator-block-size=33554432"
    "memorysetup-profiler-bucket-allocator-block-count=8"
    "memorysetup-profiler-allocator-block-size=16777216"
    "memorysetup-profiler-editor-allocator-block-size=1048576"
    "memorysetup-temp-allocator-size-main=16777216"
    "memorysetup-job-temp-allocator-block-size=2097152"
    "memorysetup-job-temp-allocator-block-size-background=1048576"
    "memorysetup-job-temp-allocator-reduction-small-platforms=262144"
    "memorysetup-temp-allocator-size-background-worker=32768"
    "memorysetup-temp-allocator-size-job-worker=262144"
    "memorysetup-temp-allocator-size-preload-manager=33554432"
    "memorysetup-temp-allocator-size-nav-mesh-worker=65536"
    "memorysetup-temp-allocator-size-audio-worker=65536"
    "memorysetup-temp-allocator-size-cloud-worker=32768"
    "memorysetup-temp-allocator-size-gi-baking-worker=262144"
    "memorysetup-temp-allocator-size-gfx=262144"
Refreshing native plugins compatible for Editor in 100.05 ms, found 4 plugins.
Preloading 0 native plugins for Editor in 0.00 ms.
Initialize engine version: 2022.1.0b11 (9aaa156c3014)
[Subsystems] Discovering subsystems at path C:/Program Files/Unity/Hub/Editor/2022.1.0b11/Editor/Data/Resources/UnitySubsystems
[Subsystems] Discovering subsystems at path C:/Unity_Git/MiMa_Project/MiMa_Project/Assets
GfxDevice: creating device client; threaded=0; jobified=0
Direct3D:
    Version:  Direct3D 11.0 [level 11.1]
    Renderer: NVIDIA GeForce RTX 3060 Laptop GPU (ID=0x2520)
    Vendor:   NVIDIA
    VRAM:     6023 MB
    Driver:   30.0.15.1179
Initialize mono
Mono path[0] = 'C:/Program Files/Unity/Hub/Editor/2022.1.0b11/Editor/Data/Managed'
Mono path[1] = 'C:/Program Files/Unity/Hub/Editor/2022.1.0b11/Editor/Data/MonoBleedingEdge/lib/mono/unityjit-win32'
Mono config path = 'C:/Program Files/Unity/Hub/Editor/2022.1.0b11/Editor/Data/MonoBleedingEdge/etc'
Using monoOptions --debugger-agent=transport=dt_socket,embedding=1,server=y,suspend=n,address=127.0.0.1:56696
Begin MonoManager ReloadAssembly
Registering precompiled unity dll's ...
Register platform support module: C:/Program Files/Unity/Hub/Editor/2022.1.0b11/Editor/Data/PlaybackEngines/WindowsStandaloneSupport/UnityEditor.WindowsStandalone.Extensions.dll
Registered in 0.004270 seconds.
Native extension for WindowsStandalone target not found
Refreshing native plugins compatible for Editor in 100.14 ms, found 4 plugins.
Preloading 0 native plugins for Editor in 0.00 ms.
Mono: successfully reloaded assembly
- Completed reload, in  0.731 seconds
Domain Reload Profiling:
	ReloadAssembly (732ms)
		BeginReloadAssembly (75ms)
			ExecutionOrderSort (0ms)
			DisableScriptedObjects (0ms)
			BackupInstance (0ms)
			ReleaseScriptingObjects (0ms)
			CreateAndSetChildDomain (1ms)
		EndReloadAssembly (538ms)
			LoadAssemblies (73ms)
			RebuildTransferFunctionScriptingTraits (0ms)
			SetupTypeCache (128ms)
				TypeCache.Initialize (128ms)
					TypeCache.ScanAssembly (127ms)
				ResolveRequiredComponents (0ms)
			ReleaseScriptCaches (0ms)
			RebuildScriptCaches (30ms)
			SetupLoadedEditorAssemblies (323ms)
				LogAssemblyErrors (0ms)
				InitializePlatformSupportModulesInManaged (7ms)
				SetLoadedEditorAssemblies (7ms)
				RefreshPlugins (100ms)
				BeforeProcessingInitializeOnLoad (1ms)
				ProcessInitializeOnLoadAttributes (157ms)
				ProcessInitializeOnLoadMethodAttributes (49ms)
				AfterProcessingInitializeOnLoad (0ms)
				EditorAssembliesLoaded (0ms)
			ExecutionOrderSort2 (0ms)
			AwakeInstancesAfterBackupRestoration (0ms)
Platform modules already initialized, skipping
Registering precompiled user dll's ...
Registered in 0.004871 seconds.
Begin MonoManager ReloadAssembly
Symbol file LoadedFromMemory doesn't match image C:\Unity_Git\MiMa_Project\MiMa_Project\Library\PackageCache\com.unity.visualscripting@1.7.5\Editor\VisualScripting.Core\Dependencies\YamlDotNet\Unity.VisualScripting.YamlDotNet.dll
Symbol file LoadedFromMemory doesn't match image C:\Unity_Git\MiMa_Project\MiMa_Project\Library\PackageCache\com.unity.visualscripting@1.7.5\Editor\VisualScripting.Core\Dependencies\DotNetZip\Unity.VisualScripting.IonicZip.dll
Native extension for WindowsStandalone target not found
Refreshing native plugins compatible for Editor in 103.07 ms, found 4 plugins.
Preloading 0 native plugins for Editor in 0.00 ms.
Mono: successfully reloaded assembly
- Completed reload, in  1.868 seconds
Domain Reload Profiling:
	ReloadAssembly (1869ms)
		BeginReloadAssembly (120ms)
			ExecutionOrderSort (0ms)
			DisableScriptedObjects (6ms)
			BackupInstance (0ms)
			ReleaseScriptingObjects (0ms)
			CreateAndSetChildDomain (20ms)
		EndReloadAssembly (1614ms)
			LoadAssemblies (88ms)
			RebuildTransferFunctionScriptingTraits (0ms)
			SetupTypeCache (276ms)
				TypeCache.Initialize (271ms)
					TypeCache.ScanAssembly (267ms)
				ResolveRequiredComponents (5ms)
			ReleaseScriptCaches (1ms)
			RebuildScriptCaches (70ms)
			SetupLoadedEditorAssemblies (1120ms)
				LogAssemblyErrors (0ms)
				InitializePlatformSupportModulesInManaged (4ms)
				SetLoadedEditorAssemblies (9ms)
				RefreshPlugins (103ms)
				BeforeProcessingInitializeOnLoad (98ms)
				ProcessInitializeOnLoadAttributes (862ms)
				ProcessInitializeOnLoadMethodAttributes (40ms)
				AfterProcessingInitializeOnLoad (5ms)
				EditorAssembliesLoaded (0ms)
			ExecutionOrderSort2 (0ms)
			AwakeInstancesAfterBackupRestoration (6ms)
Platform modules already initialized, skipping
========================================================================
Worker process is ready to serve import requests
Failed to load shader (instanceID 402, GUID 7cbb3655339ec401ca75ba5fe26884f4)
Failed to load shader (instanceID 404, GUID bedd19944f451ba4d83e7ed69be98d5c)
Failed to load shader (instanceID 398, GUID 3230fdc399f8287488325e5941a00527)
Failed to load shader (instanceID 406, GUID 9c442dc870b456e48b615cd8add0e9ef)
Failed to load shader (instanceID 400, GUID 603d454d711fe784cba9ce08dd22b881)
Failed to load shader (instanceID 396, GUID 0a8f4dcd626bcd14bbbfa5a5e116b16e)
Launched and connected shader compiler UnityShaderCompiler.exe after 0.08 seconds
Refreshing native plugins compatible for Editor in 1.69 ms, found 4 plugins.
Preloading 0 native plugins for Editor in 0.00 ms.
Unloading 3925 Unused Serialized files (Serialized files now loaded: 0)
Unloading 35 unused Assets / (57.8 KB). Loaded Objects now: 4387.
Memory consumption went from 0.60 GB to 0.60 GB.
Total: 4.632200 ms (FindLiveObjects: 0.403600 ms CreateObjectMapping: 0.362100 ms MarkObjects: 3.772800 ms  DeleteObjects: 0.092300 ms)

AssetImportParameters requested are different than current active one (requested -> active):
  custom:video-decoder-ogg-theora: a1e56fd34408186e4bbccfd4996cb3dc -> 
  custom:container-muxer-webm: aa71ff27fc2769a1b78a27578f13a17b -> 
  custom:container-demuxer-webm: 4f35f7cbe854078d1ac9338744f61a02 -> 
  custom:video-encoder-webm-vp8: eb34c28f22e8b96e1ab97ce403110664 -> 
  custom:audio-encoder-webm-vorbis: bf7c407c2cedff20999df2af8eb42d56 -> 
  custom:framework-win-MediaFoundation: 216162199b28c13a410421893ffa2e32 -> 
  custom:container-demuxer-ogg: 62fdf1f143b41e24485cea50d1cbac27 -> 
  custom:video-decoder-webm-vp8: 9c59270c3fd7afecdb556c50c9e8de78 -> 
  custom:audio-decoder-ogg-vorbis: bf7c407c2cedff20999df2af8eb42d56 -> 
========================================================================
Received Import Request.
  Time since last request: 287012.502675 seconds.
  path: Assets/Tileset_test
  artifactKey: Guid(cef224de674ef904081e035621f76c6c) Importer(815301076,1909f56bfc062723c751e8b465ee728b)
Start importing Assets/Tileset_test using Guid(cef224de674ef904081e035621f76c6c) Importer(815301076,1909f56bfc062723c751e8b465ee728b)  -> (artifact id: '4fa89ed462958f22980685c400889512') in 0.006750 seconds 
========================================================================
Received Import Request.
  Time since last request: 15.791438 seconds.
  path: Assets/Tileset_test/Cliff_tileset.png
  artifactKey: Guid(c332ae950c6f11941883d774ea5eb036) Importer(815301076,1909f56bfc062723c751e8b465ee728b)
Start importing Assets/Tileset_test/Cliff_tileset.png using Guid(c332ae950c6f11941883d774ea5eb036) Importer(815301076,1909f56bfc062723c751e8b465ee728b)  -> (artifact id: '8f63a02006a478c70b788b2b5aa25c4e') in 0.153633 seconds 
========================================================================
Received Import Request.
  Time since last request: 0.000021 seconds.
  path: Assets/Tileset_test/ground_tiles.png
  artifactKey: Guid(b44d586637a916745b0035307f073aaa) Importer(815301076,1909f56bfc062723c751e8b465ee728b)
Start importing Assets/Tileset_test/ground_tiles.png using Guid(b44d586637a916745b0035307f073aaa) Importer(815301076,1909f56bfc062723c751e8b465ee728b)  -> (artifact id: '8a166456b2b046ade3d2c70abc4e51ef') in 0.070348 seconds 
========================================================================
Received Import Request.
  Time since last request: 0.000040 seconds.
  path: Assets/Tileset_test/graphics-tiles-waterflow.png
  artifactKey: Guid(2dc1e6f452852304e94970a30e4c0e6d) Importer(815301076,1909f56bfc062723c751e8b465ee728b)
Start importing Assets/Tileset_test/graphics-tiles-waterflow.png using Guid(2dc1e6f452852304e94970a30e4c0e6d) Importer(815301076,1909f56bfc062723c751e8b465ee728b)  -> (artifact id: 'df23410ab91bba18ca6bdb101b8c7bdf') in 0.032372 seconds 
========================================================================
Received Import Request.
  Time since last request: 589.978332 seconds.
  path: Assets/Tileset_test/Tiles/Cliff_tileset_1.asset
  artifactKey: Guid(856d4c644c377bf41aa11276e2129ff8) Importer(815301076,1909f56bfc062723c751e8b465ee728b)
Start importing Assets/Tileset_test/Tiles/Cliff_tileset_1.asset using Guid(856d4c644c377bf41aa11276e2129ff8) Importer(815301076,1909f56bfc062723c751e8b465ee728b)  -> (artifact id: '628d92417f84fe6f8552120c46adf36a') in 0.036975 seconds 
========================================================================
Received Import Request.
  Time since last request: 0.000037 seconds.
  path: Assets/Tileset_test/Tiles/Cliff_tileset_24.asset
  artifactKey: Guid(da22e5a69e363974b8a04929d6b9dc04) Importer(815301076,1909f56bfc062723c751e8b465ee728b)
Start importing Assets/Tileset_test/Tiles/Cliff_tileset_24.asset using Guid(da22e5a69e363974b8a04929d6b9dc04) Importer(815301076,1909f56bfc062723c751e8b465ee728b)  -> (artifact id: '54cde1f6ddade9a53aafa40ba32657af') in 0.019024 seconds 
========================================================================
Received Import Request.
  Time since last request: 0.000024 seconds.
  path: Assets/Tileset_test/Tiles/Cliff_tileset_13.asset
  artifactKey: Guid(aa9953d48a1ad1d40b2b0c98de0bfbc5) Importer(815301076,1909f56bfc062723c751e8b465ee728b)
Start importing Assets/Tileset_test/Tiles/Cliff_tileset_13.asset using Guid(aa9953d48a1ad1d40b2b0c98de0bfbc5) Importer(815301076,1909f56bfc062723c751e8b465ee728b)  -> (artifact id: '9d2cefba3ad15729caa7e519d71ca391') in 0.022439 seconds 
========================================================================
Received Import Request.
  Time since last request: 0.000024 seconds.
  path: Assets/Tileset_test/Tiles/Cliff_tileset_44.asset
  artifactKey: Guid(f2dbd81fb0552b243b2a2d98af65cd88) Importer(815301076,1909f56bfc062723c751e8b465ee728b)
Start importing Assets/Tileset_test/Tiles/Cliff_tileset_44.asset using Guid(f2dbd81fb0552b243b2a2d98af65cd88) Importer(815301076,1909f56bfc062723c751e8b465ee728b)  -> (artifact id: '25dd1b7c2600b05678e33823f420e100') in 0.015942 seconds 
========================================================================
Received Import Request.
  Time since last request: 0.000036 seconds.
  path: Assets/Tileset_test/Tiles/Cliff_tileset_2.asset
  artifactKey: Guid(ba6c0ddff49158743aa492c0f8255017) Importer(815301076,1909f56bfc062723c751e8b465ee728b)
Start importing Assets/Tileset_test/Tiles/Cliff_tileset_2.asset using Guid(ba6c0ddff49158743aa492c0f8255017) Importer(815301076,1909f56bfc062723c751e8b465ee728b)  -> (artifact id: '68646e1693e7cc92d9a6c38eeea55ff4') in 0.015445 seconds 
========================================================================
Received Import Request.
  Time since last request: 0.000029 seconds.
  path: Assets/Tileset_test/Tiles/Cliff_tileset_28.asset
  artifactKey: Guid(bb82dd020e1b5244a9001919f8dc0084) Importer(815301076,1909f56bfc062723c751e8b465ee728b)
Start importing Assets/Tileset_test/Tiles/Cliff_tileset_28.asset using Guid(bb82dd020e1b5244a9001919f8dc0084) Importer(815301076,1909f56bfc062723c751e8b465ee728b)  -> (artifact id: 'ae3dd6814f5c593810d38161aef04984') in 0.018418 seconds 
========================================================================
Received Import Request.
  Time since last request: 0.000024 seconds.
  path: Assets/Tileset_test/Tiles/Cliff_tileset_37.asset
  artifactKey: Guid(05586ae56c8efca419ac8ee2d28af859) Importer(815301076,1909f56bfc062723c751e8b465ee728b)
Start importing Assets/Tileset_test/Tiles/Cliff_tileset_37.asset using Guid(05586ae56c8efca419ac8ee2d28af859) Importer(815301076,1909f56bfc062723c751e8b465ee728b)  -> (artifact id: 'aa79d0f4cf1978bdd788f7a28a42aa17') in 0.013287 seconds 
========================================================================
Received Import Request.
  Time since last request: 0.000028 seconds.
  path: Assets/Tileset_test/Tiles/Cliff_tileset_3.asset
  artifactKey: Guid(591f17c764f38de4183d03f3b356f53d) Importer(815301076,1909f56bfc062723c751e8b465ee728b)
Start importing Assets/Tileset_test/Tiles/Cliff_tileset_3.asset using Guid(591f17c764f38de4183d03f3b356f53d) Importer(815301076,1909f56bfc062723c751e8b465ee728b)  -> (artifact id: '6bb6f27496dc83b98b2e17445ed3fc7b') in 0.013631 seconds 
========================================================================
Received Import Request.
  Time since last request: 0.000033 seconds.
  path: Assets/Tileset_test/Tiles/Cliff_tileset_43.asset
  artifactKey: Guid(95ddb06a3e75bb74981777526414873c) Importer(815301076,1909f56bfc062723c751e8b465ee728b)
Start importing Assets/Tileset_test/Tiles/Cliff_tileset_43.asset using Guid(95ddb06a3e75bb74981777526414873c) Importer(815301076,1909f56bfc062723c751e8b465ee728b)  -> (artifact id: 'd3c008f26ebf277f814e48be57d149bb') in 0.014937 seconds 
========================================================================
Received Import Request.
  Time since last request: 0.000025 seconds.
  path: Assets/Tileset_test/Tiles/Cliff_tileset_11.asset
  artifactKey: Guid(ccd6067b0f4bc464099c02d86a08f23d) Importer(815301076,1909f56bfc062723c751e8b465ee728b)
Start importing Assets/Tileset_test/Tiles/Cliff_tileset_11.asset using Guid(ccd6067b0f4bc464099c02d86a08f23d) Importer(815301076,1909f56bfc062723c751e8b465ee728b)  -> (artifact id: '13dce3302b47b81c41ae54d4828fd3c9') in 0.016420 seconds 
========================================================================
Received Import Request.
  Time since last request: 0.000024 seconds.
  path: Assets/Tileset_test/Tiles/Cliff_tileset_19.asset
  artifactKey: Guid(92bf40d2a0f033441b6238398a0286b5) Importer(815301076,1909f56bfc062723c751e8b465ee728b)
Start importing Assets/Tileset_test/Tiles/Cliff_tileset_19.asset using Guid(92bf40d2a0f033441b6238398a0286b5) Importer(815301076,1909f56bfc062723c751e8b465ee728b)  -> (artifact id: '32f6f44a6d60ce2d1ee32af001be72bb') in 0.014535 seconds 
========================================================================
Received Import Request.
  Time since last request: 0.000022 seconds.
  path: Assets/Tileset_test/Tiles/Cliff_tileset_31.asset
  artifactKey: Guid(8c3d4528eaa014b4e97bcaa0f355516a) Importer(815301076,1909f56bfc062723c751e8b465ee728b)
Start importing Assets/Tileset_test/Tiles/Cliff_tileset_31.asset using Guid(8c3d4528eaa014b4e97bcaa0f355516a) Importer(815301076,1909f56bfc062723c751e8b465ee728b)  -> (artifact id: '8ba7443c8bcb85961a20cd709a91fae4') in 0.014087 seconds 
========================================================================
Received Import Request.
  Time since last request: 0.000030 seconds.
  path: Assets/Tileset_test/Tiles/Cliff_tileset_39.asset
  artifactKey: Guid(d853dab0db9d314488d239776b561bf8) Importer(815301076,1909f56bfc062723c751e8b465ee728b)
Start importing Assets/Tileset_test/Tiles/Cliff_tileset_39.asset using Guid(d853dab0db9d314488d239776b561bf8) Importer(815301076,1909f56bfc062723c751e8b465ee728b)  -> (artifact id: '22deafd097f97de29acf48818754cd77') in 0.015571 seconds 
========================================================================
Received Import Request.
  Time since last request: 0.000024 seconds.
  path: Assets/Tileset_test/Tiles/Cliff_tileset_18.asset
  artifactKey: Guid(d615cb80481614442929f75085f776f2) Importer(815301076,1909f56bfc062723c751e8b465ee728b)
Start importing Assets/Tileset_test/Tiles/Cliff_tileset_18.asset using Guid(d615cb80481614442929f75085f776f2) Importer(815301076,1909f56bfc062723c751e8b465ee728b)  -> (artifact id: 'ca60b655d96dc6208716c8a1a47b5ab4') in 0.016120 seconds 
========================================================================
Received Import Request.
  Time since last request: 0.000024 seconds.
  path: Assets/Tileset_test/Tiles/Cliff_tileset_42.asset
  artifactKey: Guid(aa1b872190979294b994e87efa87f073) Importer(815301076,1909f56bfc062723c751e8b465ee728b)
Start importing Assets/Tileset_test/Tiles/Cliff_tileset_42.asset using Guid(aa1b872190979294b994e87efa87f073) Importer(815301076,1909f56bfc062723c751e8b465ee728b)  -> (artifact id: 'f09cad521f6a938fda0c54bc2acd3562') in 0.014900 seconds 
========================================================================
Received Import Request.
  Time since last request: 0.000028 seconds.
  path: Assets/Tileset_test/Tiles/Cliff_tileset_33.asset
  artifactKey: Guid(08cf629cdd177384da8f3255a33f4ac9) Importer(815301076,1909f56bfc062723c751e8b465ee728b)
Start importing Assets/Tileset_test/Tiles/Cliff_tileset_33.asset using Guid(08cf629cdd177384da8f3255a33f4ac9) Importer(815301076,1909f56bfc062723c751e8b465ee728b)  -> (artifact id: '92f2c0e2daf097ac23028b229ae02740') in 0.013407 seconds 
========================================================================
Received Import Request.
  Time since last request: 0.000026 seconds.
  path: Assets/Tileset_test/Tiles/Cliff_tileset_14.asset
  artifactKey: Guid(7fc52e27f5516064186516ec78a205d9) Importer(815301076,1909f56bfc062723c751e8b465ee728b)
Start importing Assets/Tileset_test/Tiles/Cliff_tileset_14.asset using Guid(7fc52e27f5516064186516ec78a205d9) Importer(815301076,1909f56bfc062723c751e8b465ee728b)  -> (artifact id: 'a1486d74725c66488ee5e146c550a6ad') in 0.018063 seconds 
========================================================================
Received Import Request.
  Time since last request: 0.000024 seconds.
  path: Assets/Tileset_test/Tiles/Cliff_tileset_40.asset
  artifactKey: Guid(91939e0ac5b0f004eb83425e59107198) Importer(815301076,1909f56bfc062723c751e8b465ee728b)
Start importing Assets/Tileset_test/Tiles/Cliff_tileset_40.asset using Guid(91939e0ac5b0f004eb83425e59107198) Importer(815301076,1909f56bfc062723c751e8b465ee728b)  -> (artifact id: '794619b68cee147634ca3f1618f58389') in 0.015229 seconds 
========================================================================
Received Import Request.
  Time since last request: 0.000021 seconds.
  path: Assets/Tileset_test/Tiles/Cliff_tileset_46.asset
  artifactKey: Guid(6d7e3df8917840b4eb7faa2add9d90a9) Importer(815301076,1909f56bfc062723c751e8b465ee728b)
Start importing Assets/Tileset_test/Tiles/Cliff_tileset_46.asset using Guid(6d7e3df8917840b4eb7faa2add9d90a9) Importer(815301076,1909f56bfc062723c751e8b465ee728b)  -> (artifact id: '50e33bb58e9ead01f99433397d690b34') in 0.017813 seconds 
========================================================================
Received Import Request.
  Time since last request: 0.000030 seconds.
  path: Assets/Tileset_test/Tiles/Cliff_tileset_22.asset
  artifactKey: Guid(928bf3a27f80ea645bbadeda6dfe0ed0) Importer(815301076,1909f56bfc062723c751e8b465ee728b)
Start importing Assets/Tileset_test/Tiles/Cliff_tileset_22.asset using Guid(928bf3a27f80ea645bbadeda6dfe0ed0) Importer(815301076,1909f56bfc062723c751e8b465ee728b)  -> (artifact id: 'e9b42cc73a22394bf956b72e175e5651') in 0.016991 seconds 
========================================================================
Received Import Request.
  Time since last request: 0.000022 seconds.
  path: Assets/Tileset_test/Tiles/Cliff_tileset_36.asset
  artifactKey: Guid(d08033bd8274dca4a92539ba916ea929) Importer(815301076,1909f56bfc062723c751e8b465ee728b)
Start importing Assets/Tileset_test/Tiles/Cliff_tileset_36.asset using Guid(d08033bd8274dca4a92539ba916ea929) Importer(815301076,1909f56bfc062723c751e8b465ee728b)  -> (artifact id: 'd3dfbe1989d677d657224b9a611e8c0f') in 0.018270 seconds 
========================================================================
Received Import Request.
  Time since last request: 0.000020 seconds.
  path: Assets/Tileset_test/Tiles/Cliff_tileset_32.asset
  artifactKey: Guid(3e4bb2a87eb48084c894f6673a012bbb) Importer(815301076,1909f56bfc062723c751e8b465ee728b)
Start importing Assets/Tileset_test/Tiles/Cliff_tileset_32.asset using Guid(3e4bb2a87eb48084c894f6673a012bbb) Importer(815301076,1909f56bfc062723c751e8b465ee728b)  -> (artifact id: '537eb14f18a080863936a6bb3b9c9c9f') in 0.015069 seconds 
========================================================================
Received Import Request.
  Time since last request: 0.000025 seconds.
  path: Assets/Tileset_test/Tiles/Cliff_tileset_5.asset
  artifactKey: Guid(a0a887c5931433647b989be01d4a6aef) Importer(815301076,1909f56bfc062723c751e8b465ee728b)
Start importing Assets/Tileset_test/Tiles/Cliff_tileset_5.asset using Guid(a0a887c5931433647b989be01d4a6aef) Importer(815301076,1909f56bfc062723c751e8b465ee728b)  -> (artifact id: 'cbc7abd8419aa249ca7c3fd2616a06b7') in 0.014971 seconds 
========================================================================
Received Import Request.
  Time since last request: 0.000025 seconds.
  path: Assets/Tileset_test/Tiles/Cliff_tileset_29.asset
  artifactKey: Guid(fc6441aa64b004f448a9cdfb4c880f3c) Importer(815301076,1909f56bfc062723c751e8b465ee728b)
Start importing Assets/Tileset_test/Tiles/Cliff_tileset_29.asset using Guid(fc6441aa64b004f448a9cdfb4c880f3c) Importer(815301076,1909f56bfc062723c751e8b465ee728b)  -> (artifact id: '9dd8372e182c18de549ace818634b9f3') in 0.015289 seconds 
========================================================================
Received Import Request.
  Time since last request: 0.945273 seconds.
  path: Assets/Tileset_test/Tiles/Cliff_tileset_50.asset
  artifactKey: Guid(874ee956a6a16e84886e8c3b28d1fc4c) Importer(815301076,1909f56bfc062723c751e8b465ee728b)
Start importing Assets/Tileset_test/Tiles/Cliff_tileset_50.asset using Guid(874ee956a6a16e84886e8c3b28d1fc4c) Importer(815301076,1909f56bfc062723c751e8b465ee728b)  -> (artifact id: 'cb833a44a5a6641ddf8a13c4db779ee7') in 0.015380 seconds 
========================================================================
Received Import Request.
  Time since last request: 0.000021 seconds.
  path: Assets/Tileset_test/Tiles/Cliff_tileset_63.asset
  artifactKey: Guid(5f55c91f35c83db488bda802e3767722) Importer(815301076,1909f56bfc062723c751e8b465ee728b)
Start importing Assets/Tileset_test/Tiles/Cliff_tileset_63.asset using Guid(5f55c91f35c83db488bda802e3767722) Importer(815301076,1909f56bfc062723c751e8b465ee728b)  -> (artifact id: '1063caa2c2ea9a5369442635430839fe') in 0.014948 seconds 
========================================================================
Received Import Request.
  Time since last request: 0.000030 seconds.
  path: Assets/Tileset_test/Tiles/Cliff_tileset_77.asset
  artifactKey: Guid(313484c67e6515048a70659866ab0bea) Importer(815301076,1909f56bfc062723c751e8b465ee728b)
Start importing Assets/Tileset_test/Tiles/Cliff_tileset_77.asset using Guid(313484c67e6515048a70659866ab0bea) Importer(815301076,1909f56bfc062723c751e8b465ee728b)  -> (artifact id: '80f2bc4de0071922f494ffb15894d27a') in 0.016285 seconds 
========================================================================
Received Import Request.
  Time since last request: 0.000020 seconds.
  path: Assets/Tileset_test/Tiles/Cliff_tileset_54.asset
  artifactKey: Guid(328a4873ebb561c44bf5360f3e6314e7) Importer(815301076,1909f56bfc062723c751e8b465ee728b)
Start importing Assets/Tileset_test/Tiles/Cliff_tileset_54.asset using Guid(328a4873ebb561c44bf5360f3e6314e7) Importer(815301076,1909f56bfc062723c751e8b465ee728b)  -> (artifact id: '05d33d1a5941e14c53ba78fd9cff479e') in 0.015033 seconds 
========================================================================
Received Import Request.
  Time since last request: 0.000017 seconds.
  path: Assets/Tileset_test/Tiles/Cliff_tileset_74.asset
  artifactKey: Guid(7f89d4e474c4fbb4e9e42fdb7390177d) Importer(815301076,1909f56bfc062723c751e8b465ee728b)
Start importing Assets/Tileset_test/Tiles/Cliff_tileset_74.asset using Guid(7f89d4e474c4fbb4e9e42fdb7390177d) Importer(815301076,1909f56bfc062723c751e8b465ee728b)  -> (artifact id: 'de213c5fff9e4503ce486cbbfda4fa6f') in 0.013902 seconds 
========================================================================
Received Import Request.
  Time since last request: 0.000019 seconds.
  path: Assets/Tileset_test/Tiles/Cliff_tileset_84.asset
  artifactKey: Guid(65e3d8d3a21ec154594eeec0dfc8100d) Importer(815301076,1909f56bfc062723c751e8b465ee728b)
Start importing Assets/Tileset_test/Tiles/Cliff_tileset_84.asset using Guid(65e3d8d3a21ec154594eeec0dfc8100d) Importer(815301076,1909f56bfc062723c751e8b465ee728b)  -> (artifact id: '71a8b267e9af0242a5a6abf3e0ba3a66') in 0.013680 seconds 
========================================================================
Received Import Request.
  Time since last request: 0.000026 seconds.
  path: Assets/Tileset_test/Tiles/Cliff_tileset_52.asset
  artifactKey: Guid(31ec6312ad86c3847b2fda3798b33e0a) Importer(815301076,1909f56bfc062723c751e8b465ee728b)
Start importing Assets/Tileset_test/Tiles/Cliff_tileset_52.asset using Guid(31ec6312ad86c3847b2fda3798b33e0a) Importer(815301076,1909f56bfc062723c751e8b465ee728b)  -> (artifact id: '71d38920218f0f8d9fb4ec6b567d4678') in 0.015025 seconds 
========================================================================
Received Import Request.
  Time since last request: 0.000025 seconds.
  path: Assets/Tileset_test/Tiles/Cliff_tileset_69.asset
  artifactKey: Guid(3e05b384cea324b409444d56baf871bf) Importer(815301076,1909f56bfc062723c751e8b465ee728b)
Start importing Assets/Tileset_test/Tiles/Cliff_tileset_69.asset using Guid(3e05b384cea324b409444d56baf871bf) Importer(815301076,1909f56bfc062723c751e8b465ee728b)  -> (artifact id: 'd296456daaef03b93a0a41980df0d0c9') in 0.013966 seconds 
========================================================================
Received Import Request.
  Time since last request: 0.000043 seconds.
  path: Assets/Tileset_test/Tiles/Cliff_tileset_53.asset
  artifactKey: Guid(f3bc157dea6442b448c788750e6bb0e2) Importer(815301076,1909f56bfc062723c751e8b465ee728b)
Start importing Assets/Tileset_test/Tiles/Cliff_tileset_53.asset using Guid(f3bc157dea6442b448c788750e6bb0e2) Importer(815301076,1909f56bfc062723c751e8b465ee728b)  -> (artifact id: 'a0a4feee2927b697250b7e0c92d6b9c7') in 0.017934 seconds 
========================================================================
Received Import Request.
  Time since last request: 0.000035 seconds.
  path: Assets/Tileset_test/Tiles/Cliff_tileset_61.asset
  artifactKey: Guid(01a7c52d2c60ba74bb7673468d71d355) Importer(815301076,1909f56bfc062723c751e8b465ee728b)
Start importing Assets/Tileset_test/Tiles/Cliff_tileset_61.asset using Guid(01a7c52d2c60ba74bb7673468d71d355) Importer(815301076,1909f56bfc062723c751e8b465ee728b)  -> (artifact id: '2405069824d6741a79d7a1833d94317a') in 0.013540 seconds 
========================================================================
Received Import Request.
  Time since last request: 0.000020 seconds.
  path: Assets/Tileset_test/Tiles/Cliff_tileset_72.asset
  artifactKey: Guid(132ec64abc81efd4cad7c89754c9d436) Importer(815301076,1909f56bfc062723c751e8b465ee728b)
Start importing Assets/Tileset_test/Tiles/Cliff_tileset_72.asset using Guid(132ec64abc81efd4cad7c89754c9d436) Importer(815301076,1909f56bfc062723c751e8b465ee728b)  -> (artifact id: '3fc30c6238665dbadba3d717a2763201') in 0.014176 seconds 
========================================================================
Received Import Request.
  Time since last request: 0.000018 seconds.
  path: Assets/Tileset_test/Tiles/Cliff_tileset_51.asset
  artifactKey: Guid(7c620ba1134ba634eb5253cbc0d83cd5) Importer(815301076,1909f56bfc062723c751e8b465ee728b)
Start importing Assets/Tileset_test/Tiles/Cliff_tileset_51.asset using Guid(7c620ba1134ba634eb5253cbc0d83cd5) Importer(815301076,1909f56bfc062723c751e8b465ee728b)  -> (artifact id: 'f4e4e7341c149d4af3c8e5491e48d8bb') in 0.015537 seconds 
========================================================================
Received Import Request.
  Time since last request: 0.000028 seconds.
  path: Assets/Tileset_test/Tiles/Cliff_tileset_88.asset
  artifactKey: Guid(edc78e464d7375049b92a89662b49a65) Importer(815301076,1909f56bfc062723c751e8b465ee728b)
Start importing Assets/Tileset_test/Tiles/Cliff_tileset_88.asset using Guid(edc78e464d7375049b92a89662b49a65) Importer(815301076,1909f56bfc062723c751e8b465ee728b)  -> (artifact id: '6b719552ba1b6b339da0516d4326d2ef') in 0.013261 seconds 
========================================================================
Received Import Request.
  Time since last request: 0.000025 seconds.
  path: Assets/Tileset_test/Tiles/Cliff_tileset_107.asset
  artifactKey: Guid(541e761996ef6dd41af440b0d1d803e6) Importer(815301076,1909f56bfc062723c751e8b465ee728b)
Start importing Assets/Tileset_test/Tiles/Cliff_tileset_107.asset using Guid(541e761996ef6dd41af440b0d1d803e6) Importer(815301076,1909f56bfc062723c751e8b465ee728b)  -> (artifact id: '9df1bfb32efa00cbceb5044784ac65aa') in 0.014457 seconds 
========================================================================
Received Import Request.
  Time since last request: 0.000042 seconds.
  path: Assets/Tileset_test/Tiles/Cliff_tileset_90.asset
  artifactKey: Guid(3f0ebaa988bead345998b9d16bf203d9) Importer(815301076,1909f56bfc062723c751e8b465ee728b)
Start importing Assets/Tileset_test/Tiles/Cliff_tileset_90.asset using Guid(3f0ebaa988bead345998b9d16bf203d9) Importer(815301076,1909f56bfc062723c751e8b465ee728b)  -> (artifact id: 'aa7cffc47cb6fa8677c95ebb0894f9ab') in 0.013274 seconds 
========================================================================
Received Import Request.
  Time since last request: 0.000019 seconds.
  path: Assets/Tileset_test/Tiles/Cliff_tileset_101.asset
  artifactKey: Guid(bf205a49b4ad509448eede02788302fd) Importer(815301076,1909f56bfc062723c751e8b465ee728b)
Start importing Assets/Tileset_test/Tiles/Cliff_tileset_101.asset using Guid(bf205a49b4ad509448eede02788302fd) Importer(815301076,1909f56bfc062723c751e8b465ee728b)  -> (artifact id: 'a02de044bab5297ea96ed728e645d89e') in 0.013377 seconds 
========================================================================
Received Import Request.
  Time since last request: 0.000018 seconds.
  path: Assets/Tileset_test/Tiles/Cliff_tileset_108.asset
  artifactKey: Guid(0671554e372300241b5a8ef7ff700da1) Importer(815301076,1909f56bfc062723c751e8b465ee728b)
Start importing Assets/Tileset_test/Tiles/Cliff_tileset_108.asset using Guid(0671554e372300241b5a8ef7ff700da1) Importer(815301076,1909f56bfc062723c751e8b465ee728b)  -> (artifact id: '94982f9bee08f407876424ae86c3f492') in 0.014433 seconds 
========================================================================
Received Import Request.
  Time since last request: 0.000021 seconds.
  path: Assets/Tileset_test/Tiles/Cliff_tileset_100.asset
  artifactKey: Guid(bf41ac0f3a620a44fb412de1ea294fe0) Importer(815301076,1909f56bfc062723c751e8b465ee728b)
Start importing Assets/Tileset_test/Tiles/Cliff_tileset_100.asset using Guid(bf41ac0f3a620a44fb412de1ea294fe0) Importer(815301076,1909f56bfc062723c751e8b465ee728b)  -> (artifact id: 'fb2112fc97ab5dff14afe990d75d246e') in 0.015847 seconds 
========================================================================
Received Import Request.
  Time since last request: 0.000020 seconds.
  path: Assets/Tileset_test/Tiles/Cliff_tileset_110.asset
  artifactKey: Guid(19326d6169ceaef49990566a8a46b97b) Importer(815301076,1909f56bfc062723c751e8b465ee728b)
Start importing Assets/Tileset_test/Tiles/Cliff_tileset_110.asset using Guid(19326d6169ceaef49990566a8a46b97b) Importer(815301076,1909f56bfc062723c751e8b465ee728b)  -> (artifact id: '3fc0dc8c484bb551d08f17d3247fac21') in 0.014296 seconds 
========================================================================
Received Import Request.
  Time since last request: 0.000015 seconds.
  path: Assets/Tileset_test/Tiles/Cliff_tileset_111.asset
  artifactKey: Guid(09c0f5a7b6340724390b57424ba2c1d1) Importer(815301076,1909f56bfc062723c751e8b465ee728b)
Start importing Assets/Tileset_test/Tiles/Cliff_tileset_111.asset using Guid(09c0f5a7b6340724390b57424ba2c1d1) Importer(815301076,1909f56bfc062723c751e8b465ee728b)  -> (artifact id: '463df9e0219dc0c81a793082851fa8d1') in 0.015120 seconds 
========================================================================
Received Import Request.
  Time since last request: 0.000023 seconds.
  path: Assets/Tileset_test/Tiles/Cliff_tileset_122.asset
  artifactKey: Guid(665aceeb190a0084bb3095cc3247ca97) Importer(815301076,1909f56bfc062723c751e8b465ee728b)
Start importing Assets/Tileset_test/Tiles/Cliff_tileset_122.asset using Guid(665aceeb190a0084bb3095cc3247ca97) Importer(815301076,1909f56bfc062723c751e8b465ee728b)  -> (artifact id: 'b142ed509dfd6ae27c0a9e61343190c1') in 0.013563 seconds 
========================================================================
Received Import Request.
  Time since last request: 0.000025 seconds.
  path: Assets/Tileset_test/Tiles/Cliff_tileset_114.asset
  artifactKey: Guid(f1f109ff0872c0642826f249b6956ccd) Importer(815301076,1909f56bfc062723c751e8b465ee728b)
Start importing Assets/Tileset_test/Tiles/Cliff_tileset_114.asset using Guid(f1f109ff0872c0642826f249b6956ccd) Importer(815301076,1909f56bfc062723c751e8b465ee728b)  -> (artifact id: 'e7c409799e62a52a66ae2754f17bbd79') in 0.013425 seconds 
========================================================================
Received Import Request.
  Time since last request: 0.000024 seconds.
  path: Assets/Tileset_test/Tiles/Cliff_tileset_113.asset
  artifactKey: Guid(3bb9525081f3ad0489caf110ada3a741) Importer(815301076,1909f56bfc062723c751e8b465ee728b)
Start importing Assets/Tileset_test/Tiles/Cliff_tileset_113.asset using Guid(3bb9525081f3ad0489caf110ada3a741) Importer(815301076,1909f56bfc062723c751e8b465ee728b)  -> (artifact id: '806993456d968719432e4dbf04a1639b') in 0.013647 seconds 
========================================================================
Received Import Request.
  Time since last request: 0.000022 seconds.
  path: Assets/Tileset_test/Tiles/Cliff_tileset_104.asset
  artifactKey: Guid(71c0d01d576126d4ea40f40995d7ffbf) Importer(815301076,1909f56bfc062723c751e8b465ee728b)
Start importing Assets/Tileset_test/Tiles/Cliff_tileset_104.asset using Guid(71c0d01d576126d4ea40f40995d7ffbf) Importer(815301076,1909f56bfc062723c751e8b465ee728b)  -> (artifact id: '009cf11ab71dbb0e0460243924b4b6b1') in 0.017635 seconds 
========================================================================
Received Import Request.
  Time since last request: 0.000019 seconds.
  path: Assets/Tileset_test/Tiles/Cliff_tileset_95.asset
  artifactKey: Guid(e2f6cb092cfdc0c408fcec138677e2b6) Importer(815301076,1909f56bfc062723c751e8b465ee728b)
Start importing Assets/Tileset_test/Tiles/Cliff_tileset_95.asset using Guid(e2f6cb092cfdc0c408fcec138677e2b6) Importer(815301076,1909f56bfc062723c751e8b465ee728b)  -> (artifact id: 'cfeb26d1090796cee7dd59137e17d169') in 0.014728 seconds 
========================================================================
Received Import Request.
  Time since last request: 0.000020 seconds.
  path: Assets/Tileset_test/Tiles/Cliff_tileset_94.asset
  artifactKey: Guid(3c29fa507c9b2774cae034ccd2174216) Importer(815301076,1909f56bfc062723c751e8b465ee728b)
Start importing Assets/Tileset_test/Tiles/Cliff_tileset_94.asset using Guid(3c29fa507c9b2774cae034ccd2174216) Importer(815301076,1909f56bfc062723c751e8b465ee728b)  -> (artifact id: 'af96d45635970fdb35fd3f5efb27a43d') in 0.014805 seconds 
========================================================================
Received Import Request.
  Time since last request: 0.000017 seconds.
  path: Assets/Tileset_test/Tiles/Cliff_tileset_87.asset
  artifactKey: Guid(0593337a2f626544092a55ad8d7009de) Importer(815301076,1909f56bfc062723c751e8b465ee728b)
Start importing Assets/Tileset_test/Tiles/Cliff_tileset_87.asset using Guid(0593337a2f626544092a55ad8d7009de) Importer(815301076,1909f56bfc062723c751e8b465ee728b)  -> (artifact id: '753345611fea33a14904d85842a76c82') in 0.013992 seconds 
========================================================================
Received Import Request.
  Time since last request: 0.000020 seconds.
  path: Assets/Tileset_test/Tiles/Cliff_tileset_97.asset
  artifactKey: Guid(16c2ab4fb1c4a4d4aa3d4c8fe35682cf) Importer(815301076,1909f56bfc062723c751e8b465ee728b)
Start importing Assets/Tileset_test/Tiles/Cliff_tileset_97.asset using Guid(16c2ab4fb1c4a4d4aa3d4c8fe35682cf) Importer(815301076,1909f56bfc062723c751e8b465ee728b)  -> (artifact id: 'da1772e441501f29a809ee6292449858') in 0.015266 seconds 
========================================================================
Received Import Request.
  Time since last request: 0.000021 seconds.
  path: Assets/Tileset_test/Tiles/Cliff_tileset_109.asset
  artifactKey: Guid(8cc476165cec20d40b90fe71ce35e76d) Importer(815301076,1909f56bfc062723c751e8b465ee728b)
Start importing Assets/Tileset_test/Tiles/Cliff_tileset_109.asset using Guid(8cc476165cec20d40b90fe71ce35e76d) Importer(815301076,1909f56bfc062723c751e8b465ee728b)  -> (artifact id: 'b0b45a60ae829cf8e803e3b2f7741711') in 0.015603 seconds 
========================================================================
Received Import Request.
  Time since last request: 0.000026 seconds.
  path: Assets/Tileset_test/Tiles/Cliff_tileset_92.asset
  artifactKey: Guid(5f0ede1589f5aef4e92c47f251f33bb1) Importer(815301076,1909f56bfc062723c751e8b465ee728b)
Start importing Assets/Tileset_test/Tiles/Cliff_tileset_92.asset using Guid(5f0ede1589f5aef4e92c47f251f33bb1) Importer(815301076,1909f56bfc062723c751e8b465ee728b)  -> (artifact id: 'dc9ece29dd2d0d9eb65e3e12f3a63ef5') in 0.014376 seconds 
========================================================================
Received Import Request.
  Time since last request: 0.000017 seconds.
  path: Assets/Tileset_test/Tiles/Cliff_tileset_121.asset
  artifactKey: Guid(43418d74220fc50438de4f2a650ce431) Importer(815301076,1909f56bfc062723c751e8b465ee728b)
Start importing Assets/Tileset_test/Tiles/Cliff_tileset_121.asset using Guid(43418d74220fc50438de4f2a650ce431) Importer(815301076,1909f56bfc062723c751e8b465ee728b)  -> (artifact id: '94056d3e700f9bcad4b449b4bf6fd088') in 0.014070 seconds 
========================================================================
Received Import Request.
  Time since last request: 0.000020 seconds.
  path: Assets/Tileset_test/Tiles/Cliff_tileset_76.asset
  artifactKey: Guid(11ffc27f95cc167439b9467dc7a11624) Importer(815301076,1909f56bfc062723c751e8b465ee728b)
Start importing Assets/Tileset_test/Tiles/Cliff_tileset_76.asset using Guid(11ffc27f95cc167439b9467dc7a11624) Importer(815301076,1909f56bfc062723c751e8b465ee728b)  -> (artifact id: 'df8d92ce5ce7514a502ea5abd8aefa7b') in 0.014285 seconds 
========================================================================
Received Import Request.
  Time since last request: 0.000045 seconds.
  path: Assets/Tileset_test/Tiles/Cliff_tileset_120.asset
  artifactKey: Guid(0cf04514dbc481c44ad44b952a1a43cf) Importer(815301076,1909f56bfc062723c751e8b465ee728b)
Start importing Assets/Tileset_test/Tiles/Cliff_tileset_120.asset using Guid(0cf04514dbc481c44ad44b952a1a43cf) Importer(815301076,1909f56bfc062723c751e8b465ee728b)  -> (artifact id: 'dc8d9ab51a2506734de2ab70ca584483') in 0.012617 seconds 
========================================================================
Received Import Request.
  Time since last request: 0.000026 seconds.
  path: Assets/Tileset_test/Tiles/Cliff_tileset_70.asset
  artifactKey: Guid(ad651a6fbe9b4b146982bfea557e0126) Importer(815301076,1909f56bfc062723c751e8b465ee728b)
Start importing Assets/Tileset_test/Tiles/Cliff_tileset_70.asset using Guid(ad651a6fbe9b4b146982bfea557e0126) Importer(815301076,1909f56bfc062723c751e8b465ee728b)  -> (artifact id: 'bb7a3efdbf5f468d62dfa176c84e1489') in 0.012995 seconds 
========================================================================
Received Import Request.
  Time since last request: 0.000027 seconds.
  path: Assets/Tileset_test/Tiles/Cliff_tileset_80.asset
  artifactKey: Guid(5ea585e64d66e224ea704504cc77dab9) Importer(815301076,1909f56bfc062723c751e8b465ee728b)
Start importing Assets/Tileset_test/Tiles/Cliff_tileset_80.asset using Guid(5ea585e64d66e224ea704504cc77dab9) Importer(815301076,1909f56bfc062723c751e8b465ee728b)  -> (artifact id: '4ec3ece31a3597e81ff1a1598d632a87') in 0.016242 seconds 
========================================================================
Received Import Request.
  Time since last request: 0.000018 seconds.
  path: Assets/Tileset_test/Tiles/Cliff_tileset_81.asset
  artifactKey: Guid(25d0c917226ac814bb3801256a105e30) Importer(815301076,1909f56bfc062723c751e8b465ee728b)
Start importing Assets/Tileset_test/Tiles/Cliff_tileset_81.asset using Guid(25d0c917226ac814bb3801256a105e30) Importer(815301076,1909f56bfc062723c751e8b465ee728b)  -> (artifact id: '3c7f9c7bef1e68c961f9fe24f62ea96a') in 0.013284 seconds 
========================================================================
Received Import Request.
  Time since last request: 0.000023 seconds.
  path: Assets/Tileset_test/Tiles/Cliff_tileset_102.asset
  artifactKey: Guid(5b3edc2ef28f3e54f99d87e378d95cd6) Importer(815301076,1909f56bfc062723c751e8b465ee728b)
Start importing Assets/Tileset_test/Tiles/Cliff_tileset_102.asset using Guid(5b3edc2ef28f3e54f99d87e378d95cd6) Importer(815301076,1909f56bfc062723c751e8b465ee728b)  -> (artifact id: '81b7d213ac38e9f1bd2e75da8b574449') in 0.013038 seconds 
========================================================================
Received Import Request.
  Time since last request: 0.000017 seconds.
  path: Assets/Tileset_test/Tiles/Cliff_tileset_68.asset
  artifactKey: Guid(7c833b0b1045a13428491b4a919b42b1) Importer(815301076,1909f56bfc062723c751e8b465ee728b)
Start importing Assets/Tileset_test/Tiles/Cliff_tileset_68.asset using Guid(7c833b0b1045a13428491b4a919b42b1) Importer(815301076,1909f56bfc062723c751e8b465ee728b)  -> (artifact id: 'fb3eb7786f1b3b4cdb872e725009b869') in 0.012666 seconds 
Editor requested this worker to shutdown with reason: Scaling down because of idle timeout
AssetImportWorker is now disconnected from the server
Process exiting
Exiting without the bug reporter. Application will terminate with return code 0